<?xml version="1.0" encoding="UTF-8"?>
<testsuite xmlns:xsi="http://www.w3.org/2001/XMLSchema-instance" xsi:noNamespaceSchemaLocation="https://maven.apache.org/surefire/maven-surefire-plugin/xsd/surefire-test-report-3.0.xsd" version="3.0" name="com.example.integration.UserIntegrationTest" time="9.438" tests="8" errors="0" skipped="0" failures="0">
  <properties>
[...]
</properties>
  <testcase name="testGetUserByEmail" classname="com.example.integration.UserIntegrationTest" time="0.457">
    <system-out><![CDATA[2026-06-23T22:23:56.861+05:30  INFO 3152 --- [           main] t.c.s.AnnotationConfigContextLoaderUtils : Could not detect default configuration classes for test class [com.example.integration.UserIntegrationTest]: UserIntegrationTest does not declare any static, non-private, non-final, nested classes annotated with @Configuration.
2026-06-23T22:23:56.967+05:30  INFO 3152 --- [           main] .b.t.c.SpringBootTestContextBootstrapper : Found @SpringBootConfiguration com.example.Application for test class com.example.integration.UserIntegrationTest

  .   ____          _            __ _ _
 /\\ / ___'_ __ _ _(_)_ __  __ _ \ \ \ \
( ( )\___ | '_ | '_| | '_ \/ _` | \ \ \ \
 \\/  ___)| |_)| | | | | || (_| |  ) ) ) )
  '  |____| .__|_| |_|_| |_\__, | / / / /
 =========|_|==============|___/=/_/_/_/
 :: Spring Boot ::                (v3.1.5)

2026-06-23T22:23:57.183+05:30  INFO 3152 --- [           main] c.e.integration.UserIntegrationTest      : Starting UserIntegrationTest using Java 21.0.7 with PID 3152 (started by linga in C:\Users\linga\OneDrive\Documents\Desktop\Cogniant-DeepSkilling\Module-4-Test_driven_development_and_Logging_framework\4.JUnit_Spring_Test_exercises)
2026-06-23T22:23:57.184+05:30  INFO 3152 --- [           main] c.e.integration.UserIntegrationTest      : No active profile set, falling back to 1 default profile: "default"
2026-06-23T22:23:58.701+05:30  INFO 3152 --- [           main] .s.d.r.c.RepositoryConfigurationDelegate : Bootstrapping Spring Data JPA repositories in DEFAULT mode.
2026-06-23T22:23:59.057+05:30  INFO 3152 --- [           main] .s.d.r.c.RepositoryConfigurationDelegate : Finished Spring Data repository scanning in 270 ms. Found 1 JPA repository interfaces.
2026-06-23T22:24:00.412+05:30  INFO 3152 --- [           main] o.hibernate.jpa.internal.util.LogHelper  : HHH000204: Processing PersistenceUnitInfo [name: default]
2026-06-23T22:24:00.752+05:30  INFO 3152 --- [           main] org.hibernate.Version                    : HHH000412: Hibernate ORM core version 6.2.13.Final
2026-06-23T22:24:00.763+05:30  INFO 3152 --- [           main] org.hibernate.cfg.Environment            : HHH000406: Using bytecode reflection optimizer
2026-06-23T22:24:01.097+05:30  INFO 3152 --- [           main] o.s.o.j.p.SpringPersistenceUnitInfo      : No LoadTimeWeaver setup: ignoring JPA class transformer
2026-06-23T22:24:01.134+05:30  INFO 3152 --- [           main] com.zaxxer.hikari.HikariDataSource       : HikariPool-1 - Starting...
2026-06-23T22:24:01.435+05:30  INFO 3152 --- [           main] com.zaxxer.hikari.pool.HikariPool        : HikariPool-1 - Added connection conn0: url=jdbc:h2:mem:testdb user=SA
2026-06-23T22:24:01.438+05:30  INFO 3152 --- [           main] com.zaxxer.hikari.HikariDataSource       : HikariPool-1 - Start completed.
2026-06-23T22:24:01.467+05:30  WARN 3152 --- [           main] org.hibernate.orm.deprecation            : HHH90000025: H2Dialect does not need to be specified explicitly using 'hibernate.dialect' (remove the property setting and it will be selected by default)
2026-06-23T22:24:02.468+05:30  INFO 3152 --- [           main] o.h.e.t.j.p.i.JtaPlatformInitiator       : HHH000489: No JTA platform available (set 'hibernate.transaction.jta.platform' to enable JTA platform integration)
Hibernate: 
    drop table if exists users cascade 
Hibernate: 
    create table users (
        id bigint generated by default as identity,
        name varchar(50),
        email varchar(255),
        primary key (id)
    )
2026-06-23T22:24:02.519+05:30  INFO 3152 --- [           main] j.LocalContainerEntityManagerFactoryBean : Initialized JPA EntityManagerFactory for persistence unit 'default'
2026-06-23T22:24:03.763+05:30  INFO 3152 --- [           main] o.s.d.j.r.query.QueryEnhancerFactory     : Hibernate is in classpath; If applicable, HQL parser will be used.
2026-06-23T22:24:05.020+05:30  WARN 3152 --- [           main] JpaBaseConfiguration$JpaWebConfiguration : spring.jpa.open-in-view is enabled by default. Therefore, database queries may be performed during view rendering. Explicitly configure spring.jpa.open-in-view to disable this warning
2026-06-23T22:24:05.399+05:30  INFO 3152 --- [           main] o.s.b.t.m.w.SpringBootMockServletContext : Initializing Spring TestDispatcherServlet ''
2026-06-23T22:24:05.399+05:30  INFO 3152 --- [           main] o.s.t.web.servlet.TestDispatcherServlet  : Initializing Servlet ''
2026-06-23T22:24:05.399+05:30 DEBUG 3152 --- [           main] o.s.t.web.servlet.TestDispatcherServlet  : Detected StandardServletMultipartResolver
2026-06-23T22:24:05.399+05:30 DEBUG 3152 --- [           main] o.s.t.web.servlet.TestDispatcherServlet  : Detected AcceptHeaderLocaleResolver
2026-06-23T22:24:05.399+05:30 DEBUG 3152 --- [           main] o.s.t.web.servlet.TestDispatcherServlet  : Detected FixedThemeResolver
2026-06-23T22:24:05.400+05:30 DEBUG 3152 --- [           main] o.s.t.web.servlet.TestDispatcherServlet  : Detected org.springframework.web.servlet.view.DefaultRequestToViewNameTranslator@1af6cd73
2026-06-23T22:24:05.400+05:30 DEBUG 3152 --- [           main] o.s.t.web.servlet.TestDispatcherServlet  : Detected org.springframework.web.servlet.support.SessionFlashMapManager@31e08c61
2026-06-23T22:24:05.408+05:30 DEBUG 3152 --- [           main] o.s.t.web.servlet.TestDispatcherServlet  : enableLoggingRequestDetails='false': request parameters and headers will be masked to prevent unsafe logging of potentially sensitive data
2026-06-23T22:24:05.408+05:30  INFO 3152 --- [           main] o.s.t.web.servlet.TestDispatcherServlet  : Completed initialization in 9 ms
2026-06-23T22:24:05.425+05:30  INFO 3152 --- [           main] c.e.integration.UserIntegrationTest      : Started UserIntegrationTest in 8.436 seconds (process running for 15.929)
2026-06-23T22:24:05.455+05:30 DEBUG 3152 --- [           main] org.springframework.test.context.cache   : Spring test ApplicationContext cache statistics: [DefaultContextCache@1a6e940b size = 2, maxSize = 32, parentContextCount = 0, hitCount = 132, missCount = 2]
2026-06-23T22:24:05.455+05:30 DEBUG 3152 --- [           main] o.s.t.c.w.ServletTestExecutionListener   : Setting up MockHttpServletRequest, MockHttpServletResponse, ServletWebRequest, and RequestContextHolder for test class com.example.integration.UserIntegrationTest
2026-06-23T22:24:05.457+05:30 DEBUG 3152 --- [           main] DependencyInjectionTestExecutionListener : Performing dependency injection for test class com.example.integration.UserIntegrationTest
2026-06-23T22:24:05.457+05:30 DEBUG 3152 --- [           main] org.springframework.test.context.cache   : Spring test ApplicationContext cache statistics: [DefaultContextCache@1a6e940b size = 2, maxSize = 32, parentContextCount = 0, hitCount = 133, missCount = 2]
2026-06-23T22:24:05.460+05:30 DEBUG 3152 --- [           main] org.springframework.test.context.cache   : Spring test ApplicationContext cache statistics: [DefaultContextCache@1a6e940b size = 2, maxSize = 32, parentContextCount = 0, hitCount = 134, missCount = 2]
2026-06-23T22:24:05.461+05:30 DEBUG 3152 --- [           main] sContextBeforeModesTestExecutionListener : Before test method: class [UserIntegrationTest], method [testGetUserByEmail], class annotated with @DirtiesContext [false] with mode [null], method annotated with @DirtiesContext [false] with mode [null]
2026-06-23T22:24:05.483+05:30 DEBUG 3152 --- [           main] t.c.t.TransactionalTestExecutionListener : Explicit transaction definition [PROPAGATION_REQUIRED,ISOLATION_DEFAULT] found for test class [com.example.integration.UserIntegrationTest] and test method [testGetUserByEmail]
2026-06-23T22:24:05.483+05:30 DEBUG 3152 --- [           main] org.springframework.test.context.cache   : Spring test ApplicationContext cache statistics: [DefaultContextCache@1a6e940b size = 2, maxSize = 32, parentContextCount = 0, hitCount = 135, missCount = 2]
2026-06-23T22:24:05.493+05:30 DEBUG 3152 --- [           main] t.c.t.TransactionalTestExecutionListener : No method-level @Rollback override: using default rollback [true] for test method [void com.example.integration.UserIntegrationTest.testGetUserByEmail() throws java.lang.Exception]
2026-06-23T22:24:05.540+05:30 DEBUG 3152 --- [           main] o.s.t.c.transaction.TransactionContext   : Began transaction (1) for test class [com.example.integration.UserIntegrationTest]; test method [testGetUserByEmail]; transaction manager [org.springframework.orm.jpa.JpaTransactionManager@3ed79f41]; rollback [true]
2026-06-23T22:24:05.541+05:30 DEBUG 3152 --- [           main] org.springframework.test.context.cache   : Spring test ApplicationContext cache statistics: [DefaultContextCache@1a6e940b size = 2, maxSize = 32, parentContextCount = 0, hitCount = 136, missCount = 2]
2026-06-23T22:24:05.541+05:30 DEBUG 3152 --- [           main] org.springframework.test.context.cache   : Spring test ApplicationContext cache statistics: [DefaultContextCache@1a6e940b size = 2, maxSize = 32, parentContextCount = 0, hitCount = 137, missCount = 2]
Hibernate: 
    select
        u1_0.id,
        u1_0.email,
        u1_0.name 
    from
        users u1_0
2026-06-23T22:24:05.794+05:30 DEBUG 3152 --- [           main] org.springframework.test.context.cache   : Spring test ApplicationContext cache statistics: [DefaultContextCache@1a6e940b size = 2, maxSize = 32, parentContextCount = 0, hitCount = 138, missCount = 2]
Hibernate: 
    insert 
    into
        users
        (email,name,id) 
    values
        (?,?,default)
2026-06-23T22:24:05.847+05:30 DEBUG 3152 --- [           main] o.s.t.web.servlet.TestDispatcherServlet  : GET "/api/users/search", parameters={masked}
Hibernate: 
    select
        u1_0.id,
        u1_0.email,
        u1_0.name 
    from
        users u1_0 
    where
        u1_0.name like ? escape ''
2026-06-23T22:24:05.905+05:30 DEBUG 3152 --- [           main] o.s.t.web.servlet.TestDispatcherServlet  : Completed 200 OK
2026-06-23T22:24:05.908+05:30 DEBUG 3152 --- [           main] org.springframework.test.context.cache   : Spring test ApplicationContext cache statistics: [DefaultContextCache@1a6e940b size = 2, maxSize = 32, parentContextCount = 0, hitCount = 139, missCount = 2]
2026-06-23T22:24:05.910+05:30 DEBUG 3152 --- [           main] org.springframework.test.context.cache   : Spring test ApplicationContext cache statistics: [DefaultContextCache@1a6e940b size = 2, maxSize = 32, parentContextCount = 0, hitCount = 140, missCount = 2]
2026-06-23T22:24:05.910+05:30 DEBUG 3152 --- [           main] org.springframework.test.context.cache   : Spring test ApplicationContext cache statistics: [DefaultContextCache@1a6e940b size = 2, maxSize = 32, parentContextCount = 0, hitCount = 141, missCount = 2]
2026-06-23T22:24:05.910+05:30 DEBUG 3152 --- [           main] org.springframework.test.context.cache   : Spring test ApplicationContext cache statistics: [DefaultContextCache@1a6e940b size = 2, maxSize = 32, parentContextCount = 0, hitCount = 142, missCount = 2]
2026-06-23T22:24:05.910+05:30 DEBUG 3152 --- [           main] org.springframework.test.context.cache   : Spring test ApplicationContext cache statistics: [DefaultContextCache@1a6e940b size = 2, maxSize = 32, parentContextCount = 0, hitCount = 143, missCount = 2]
2026-06-23T22:24:05.911+05:30 DEBUG 3152 --- [           main] org.springframework.test.context.cache   : Spring test ApplicationContext cache statistics: [DefaultContextCache@1a6e940b size = 2, maxSize = 32, parentContextCount = 0, hitCount = 144, missCount = 2]
2026-06-23T22:24:05.916+05:30 DEBUG 3152 --- [           main] o.s.t.c.transaction.TransactionContext   : Rolled back transaction (1) for test class [com.example.integration.UserIntegrationTest]; test method [testGetUserByEmail]
2026-06-23T22:24:05.918+05:30 DEBUG 3152 --- [           main] .c.s.DirtiesContextTestExecutionListener : After test method: class [UserIntegrationTest], method [testGetUserByEmail], class annotated with @DirtiesContext [false] with mode [null], method annotated with @DirtiesContext [false] with mode [null]
2026-06-23T22:24:05.918+05:30 DEBUG 3152 --- [           main] o.s.t.c.w.ServletTestExecutionListener   : Resetting RequestContextHolder for test class com.example.integration.UserIntegrationTest
]]></system-out>
  </testcase>
  <testcase name="testDuplicateEmail" classname="com.example.integration.UserIntegrationTest" time="0.048">
    <system-out><![CDATA[2026-06-23T22:24:05.918+05:30 DEBUG 3152 --- [           main] org.springframework.test.context.cache   : Spring test ApplicationContext cache statistics: [DefaultContextCache@1a6e940b size = 2, maxSize = 32, parentContextCount = 0, hitCount = 145, missCount = 2]
2026-06-23T22:24:05.918+05:30 DEBUG 3152 --- [           main] o.s.t.c.w.ServletTestExecutionListener   : Setting up MockHttpServletRequest, MockHttpServletResponse, ServletWebRequest, and RequestContextHolder for test class com.example.integration.UserIntegrationTest
2026-06-23T22:24:05.920+05:30 DEBUG 3152 --- [           main] DependencyInjectionTestExecutionListener : Performing dependency injection for test class com.example.integration.UserIntegrationTest
2026-06-23T22:24:05.920+05:30 DEBUG 3152 --- [           main] org.springframework.test.context.cache   : Spring test ApplicationContext cache statistics: [DefaultContextCache@1a6e940b size = 2, maxSize = 32, parentContextCount = 0, hitCount = 146, missCount = 2]
2026-06-23T22:24:05.920+05:30 DEBUG 3152 --- [           main] org.springframework.test.context.cache   : Spring test ApplicationContext cache statistics: [DefaultContextCache@1a6e940b size = 2, maxSize = 32, parentContextCount = 0, hitCount = 147, missCount = 2]
2026-06-23T22:24:05.923+05:30 DEBUG 3152 --- [           main] sContextBeforeModesTestExecutionListener : Before test method: class [UserIntegrationTest], method [testDuplicateEmail], class annotated with @DirtiesContext [false] with mode [null], method annotated with @DirtiesContext [false] with mode [null]
2026-06-23T22:24:05.925+05:30 DEBUG 3152 --- [           main] t.c.t.TransactionalTestExecutionListener : Explicit transaction definition [PROPAGATION_REQUIRED,ISOLATION_DEFAULT] found for test class [com.example.integration.UserIntegrationTest] and test method [testDuplicateEmail]
2026-06-23T22:24:05.925+05:30 DEBUG 3152 --- [           main] org.springframework.test.context.cache   : Spring test ApplicationContext cache statistics: [DefaultContextCache@1a6e940b size = 2, maxSize = 32, parentContextCount = 0, hitCount = 148, missCount = 2]
2026-06-23T22:24:05.925+05:30 DEBUG 3152 --- [           main] t.c.t.TransactionalTestExecutionListener : No method-level @Rollback override: using default rollback [true] for test method [void com.example.integration.UserIntegrationTest.testDuplicateEmail() throws java.lang.Exception]
2026-06-23T22:24:05.926+05:30 DEBUG 3152 --- [           main] o.s.t.c.transaction.TransactionContext   : Began transaction (1) for test class [com.example.integration.UserIntegrationTest]; test method [testDuplicateEmail]; transaction manager [org.springframework.orm.jpa.JpaTransactionManager@3ed79f41]; rollback [true]
2026-06-23T22:24:05.927+05:30 DEBUG 3152 --- [           main] org.springframework.test.context.cache   : Spring test ApplicationContext cache statistics: [DefaultContextCache@1a6e940b size = 2, maxSize = 32, parentContextCount = 0, hitCount = 149, missCount = 2]
2026-06-23T22:24:05.928+05:30 DEBUG 3152 --- [           main] org.springframework.test.context.cache   : Spring test ApplicationContext cache statistics: [DefaultContextCache@1a6e940b size = 2, maxSize = 32, parentContextCount = 0, hitCount = 150, missCount = 2]
Hibernate: 
    select
        u1_0.id,
        u1_0.email,
        u1_0.name 
    from
        users u1_0
2026-06-23T22:24:05.936+05:30 DEBUG 3152 --- [           main] org.springframework.test.context.cache   : Spring test ApplicationContext cache statistics: [DefaultContextCache@1a6e940b size = 2, maxSize = 32, parentContextCount = 0, hitCount = 151, missCount = 2]
Hibernate: 
    insert 
    into
        users
        (email,name,id) 
    values
        (?,?,default)
2026-06-23T22:24:05.939+05:30 DEBUG 3152 --- [           main] o.s.t.web.servlet.TestDispatcherServlet  : POST "/api/users", parameters={}
Hibernate: 
    select
        u1_0.id 
    from
        users u1_0 
    where
        u1_0.email=? 
    fetch
        first ? rows only
2026-06-23T22:24:05.966+05:30 DEBUG 3152 --- [           main] o.s.t.web.servlet.TestDispatcherServlet  : Completed 400 BAD_REQUEST
2026-06-23T22:24:05.967+05:30 DEBUG 3152 --- [           main] org.springframework.test.context.cache   : Spring test ApplicationContext cache statistics: [DefaultContextCache@1a6e940b size = 2, maxSize = 32, parentContextCount = 0, hitCount = 152, missCount = 2]
2026-06-23T22:24:05.967+05:30 DEBUG 3152 --- [           main] org.springframework.test.context.cache   : Spring test ApplicationContext cache statistics: [DefaultContextCache@1a6e940b size = 2, maxSize = 32, parentContextCount = 0, hitCount = 153, missCount = 2]
2026-06-23T22:24:05.967+05:30 DEBUG 3152 --- [           main] org.springframework.test.context.cache   : Spring test ApplicationContext cache statistics: [DefaultContextCache@1a6e940b size = 2, maxSize = 32, parentContextCount = 0, hitCount = 154, missCount = 2]
2026-06-23T22:24:05.967+05:30 DEBUG 3152 --- [           main] org.springframework.test.context.cache   : Spring test ApplicationContext cache statistics: [DefaultContextCache@1a6e940b size = 2, maxSize = 32, parentContextCount = 0, hitCount = 155, missCount = 2]
2026-06-23T22:24:05.968+05:30 DEBUG 3152 --- [           main] org.springframework.test.context.cache   : Spring test ApplicationContext cache statistics: [DefaultContextCache@1a6e940b size = 2, maxSize = 32, parentContextCount = 0, hitCount = 156, missCount = 2]
2026-06-23T22:24:05.969+05:30 DEBUG 3152 --- [           main] org.springframework.test.context.cache   : Spring test ApplicationContext cache statistics: [DefaultContextCache@1a6e940b size = 2, maxSize = 32, parentContextCount = 0, hitCount = 157, missCount = 2]
2026-06-23T22:24:05.969+05:30 DEBUG 3152 --- [           main] o.s.t.c.transaction.TransactionContext   : Rolled back transaction (1) for test class [com.example.integration.UserIntegrationTest]; test method [testDuplicateEmail]
2026-06-23T22:24:05.969+05:30 DEBUG 3152 --- [           main] .c.s.DirtiesContextTestExecutionListener : After test method: class [UserIntegrationTest], method [testDuplicateEmail], class annotated with @DirtiesContext [false] with mode [null], method annotated with @DirtiesContext [false] with mode [null]
2026-06-23T22:24:05.969+05:30 DEBUG 3152 --- [           main] o.s.t.c.w.ServletTestExecutionListener   : Resetting RequestContextHolder for test class com.example.integration.UserIntegrationTest
]]></system-out>
  </testcase>
  <testcase name="testSearchUsers" classname="com.example.integration.UserIntegrationTest" time="0.028">
    <system-out><![CDATA[2026-06-23T22:24:05.970+05:30 DEBUG 3152 --- [           main] org.springframework.test.context.cache   : Spring test ApplicationContext cache statistics: [DefaultContextCache@1a6e940b size = 2, maxSize = 32, parentContextCount = 0, hitCount = 158, missCount = 2]
2026-06-23T22:24:05.970+05:30 DEBUG 3152 --- [           main] o.s.t.c.w.ServletTestExecutionListener   : Setting up MockHttpServletRequest, MockHttpServletResponse, ServletWebRequest, and RequestContextHolder for test class com.example.integration.UserIntegrationTest
2026-06-23T22:24:05.970+05:30 DEBUG 3152 --- [           main] DependencyInjectionTestExecutionListener : Performing dependency injection for test class com.example.integration.UserIntegrationTest
2026-06-23T22:24:05.970+05:30 DEBUG 3152 --- [           main] org.springframework.test.context.cache   : Spring test ApplicationContext cache statistics: [DefaultContextCache@1a6e940b size = 2, maxSize = 32, parentContextCount = 0, hitCount = 159, missCount = 2]
2026-06-23T22:24:05.971+05:30 DEBUG 3152 --- [           main] org.springframework.test.context.cache   : Spring test ApplicationContext cache statistics: [DefaultContextCache@1a6e940b size = 2, maxSize = 32, parentContextCount = 0, hitCount = 160, missCount = 2]
2026-06-23T22:24:05.973+05:30 DEBUG 3152 --- [           main] sContextBeforeModesTestExecutionListener : Before test method: class [UserIntegrationTest], method [testSearchUsers], class annotated with @DirtiesContext [false] with mode [null], method annotated with @DirtiesContext [false] with mode [null]
2026-06-23T22:24:05.973+05:30 DEBUG 3152 --- [           main] t.c.t.TransactionalTestExecutionListener : Explicit transaction definition [PROPAGATION_REQUIRED,ISOLATION_DEFAULT] found for test class [com.example.integration.UserIntegrationTest] and test method [testSearchUsers]
2026-06-23T22:24:05.974+05:30 DEBUG 3152 --- [           main] org.springframework.test.context.cache   : Spring test ApplicationContext cache statistics: [DefaultContextCache@1a6e940b size = 2, maxSize = 32, parentContextCount = 0, hitCount = 161, missCount = 2]
2026-06-23T22:24:05.974+05:30 DEBUG 3152 --- [           main] t.c.t.TransactionalTestExecutionListener : No method-level @Rollback override: using default rollback [true] for test method [void com.example.integration.UserIntegrationTest.testSearchUsers() throws java.lang.Exception]
2026-06-23T22:24:05.975+05:30 DEBUG 3152 --- [           main] o.s.t.c.transaction.TransactionContext   : Began transaction (1) for test class [com.example.integration.UserIntegrationTest]; test method [testSearchUsers]; transaction manager [org.springframework.orm.jpa.JpaTransactionManager@3ed79f41]; rollback [true]
2026-06-23T22:24:05.976+05:30 DEBUG 3152 --- [           main] org.springframework.test.context.cache   : Spring test ApplicationContext cache statistics: [DefaultContextCache@1a6e940b size = 2, maxSize = 32, parentContextCount = 0, hitCount = 162, missCount = 2]
2026-06-23T22:24:05.976+05:30 DEBUG 3152 --- [           main] org.springframework.test.context.cache   : Spring test ApplicationContext cache statistics: [DefaultContextCache@1a6e940b size = 2, maxSize = 32, parentContextCount = 0, hitCount = 163, missCount = 2]
Hibernate: 
    select
        u1_0.id,
        u1_0.email,
        u1_0.name 
    from
        users u1_0
2026-06-23T22:24:05.980+05:30 DEBUG 3152 --- [           main] org.springframework.test.context.cache   : Spring test ApplicationContext cache statistics: [DefaultContextCache@1a6e940b size = 2, maxSize = 32, parentContextCount = 0, hitCount = 164, missCount = 2]
Hibernate: 
    insert 
    into
        users
        (email,name,id) 
    values
        (?,?,default)
Hibernate: 
    insert 
    into
        users
        (email,name,id) 
    values
        (?,?,default)
Hibernate: 
    insert 
    into
        users
        (email,name,id) 
    values
        (?,?,default)
2026-06-23T22:24:05.987+05:30 DEBUG 3152 --- [           main] o.s.t.web.servlet.TestDispatcherServlet  : GET "/api/users/search", parameters={masked}
Hibernate: 
    select
        u1_0.id,
        u1_0.email,
        u1_0.name 
    from
        users u1_0 
    where
        u1_0.name like ? escape ''
2026-06-23T22:24:05.996+05:30 DEBUG 3152 --- [           main] o.s.t.web.servlet.TestDispatcherServlet  : Completed 200 OK
2026-06-23T22:24:05.997+05:30 DEBUG 3152 --- [           main] org.springframework.test.context.cache   : Spring test ApplicationContext cache statistics: [DefaultContextCache@1a6e940b size = 2, maxSize = 32, parentContextCount = 0, hitCount = 165, missCount = 2]
2026-06-23T22:24:05.998+05:30 DEBUG 3152 --- [           main] org.springframework.test.context.cache   : Spring test ApplicationContext cache statistics: [DefaultContextCache@1a6e940b size = 2, maxSize = 32, parentContextCount = 0, hitCount = 166, missCount = 2]
2026-06-23T22:24:05.998+05:30 DEBUG 3152 --- [           main] org.springframework.test.context.cache   : Spring test ApplicationContext cache statistics: [DefaultContextCache@1a6e940b size = 2, maxSize = 32, parentContextCount = 0, hitCount = 167, missCount = 2]
2026-06-23T22:24:05.998+05:30 DEBUG 3152 --- [           main] org.springframework.test.context.cache   : Spring test ApplicationContext cache statistics: [DefaultContextCache@1a6e940b size = 2, maxSize = 32, parentContextCount = 0, hitCount = 168, missCount = 2]
2026-06-23T22:24:05.998+05:30 DEBUG 3152 --- [           main] org.springframework.test.context.cache   : Spring test ApplicationContext cache statistics: [DefaultContextCache@1a6e940b size = 2, maxSize = 32, parentContextCount = 0, hitCount = 169, missCount = 2]
2026-06-23T22:24:05.999+05:30 DEBUG 3152 --- [           main] org.springframework.test.context.cache   : Spring test ApplicationContext cache statistics: [DefaultContextCache@1a6e940b size = 2, maxSize = 32, parentContextCount = 0, hitCount = 170, missCount = 2]
2026-06-23T22:24:06.000+05:30 DEBUG 3152 --- [           main] o.s.t.c.transaction.TransactionContext   : Rolled back transaction (1) for test class [com.example.integration.UserIntegrationTest]; test method [testSearchUsers]
2026-06-23T22:24:06.000+05:30 DEBUG 3152 --- [           main] .c.s.DirtiesContextTestExecutionListener : After test method: class [UserIntegrationTest], method [testSearchUsers], class annotated with @DirtiesContext [false] with mode [null], method annotated with @DirtiesContext [false] with mode [null]
2026-06-23T22:24:06.000+05:30 DEBUG 3152 --- [           main] o.s.t.c.w.ServletTestExecutionListener   : Resetting RequestContextHolder for test class com.example.integration.UserIntegrationTest
]]></system-out>
  </testcase>
  <testcase name="testGetAllUsers" classname="com.example.integration.UserIntegrationTest" time="0.027">
    <system-out><![CDATA[2026-06-23T22:24:06.001+05:30 DEBUG 3152 --- [           main] org.springframework.test.context.cache   : Spring test ApplicationContext cache statistics: [DefaultContextCache@1a6e940b size = 2, maxSize = 32, parentContextCount = 0, hitCount = 171, missCount = 2]
2026-06-23T22:24:06.001+05:30 DEBUG 3152 --- [           main] o.s.t.c.w.ServletTestExecutionListener   : Setting up MockHttpServletRequest, MockHttpServletResponse, ServletWebRequest, and RequestContextHolder for test class com.example.integration.UserIntegrationTest
2026-06-23T22:24:06.001+05:30 DEBUG 3152 --- [           main] DependencyInjectionTestExecutionListener : Performing dependency injection for test class com.example.integration.UserIntegrationTest
2026-06-23T22:24:06.001+05:30 DEBUG 3152 --- [           main] org.springframework.test.context.cache   : Spring test ApplicationContext cache statistics: [DefaultContextCache@1a6e940b size = 2, maxSize = 32, parentContextCount = 0, hitCount = 172, missCount = 2]
2026-06-23T22:24:06.002+05:30 DEBUG 3152 --- [           main] org.springframework.test.context.cache   : Spring test ApplicationContext cache statistics: [DefaultContextCache@1a6e940b size = 2, maxSize = 32, parentContextCount = 0, hitCount = 173, missCount = 2]
2026-06-23T22:24:06.003+05:30 DEBUG 3152 --- [           main] sContextBeforeModesTestExecutionListener : Before test method: class [UserIntegrationTest], method [testGetAllUsers], class annotated with @DirtiesContext [false] with mode [null], method annotated with @DirtiesContext [false] with mode [null]
2026-06-23T22:24:06.004+05:30 DEBUG 3152 --- [           main] t.c.t.TransactionalTestExecutionListener : Explicit transaction definition [PROPAGATION_REQUIRED,ISOLATION_DEFAULT] found for test class [com.example.integration.UserIntegrationTest] and test method [testGetAllUsers]
2026-06-23T22:24:06.004+05:30 DEBUG 3152 --- [           main] org.springframework.test.context.cache   : Spring test ApplicationContext cache statistics: [DefaultContextCache@1a6e940b size = 2, maxSize = 32, parentContextCount = 0, hitCount = 174, missCount = 2]
2026-06-23T22:24:06.004+05:30 DEBUG 3152 --- [           main] t.c.t.TransactionalTestExecutionListener : No method-level @Rollback override: using default rollback [true] for test method [void com.example.integration.UserIntegrationTest.testGetAllUsers() throws java.lang.Exception]
2026-06-23T22:24:06.005+05:30 DEBUG 3152 --- [           main] o.s.t.c.transaction.TransactionContext   : Began transaction (1) for test class [com.example.integration.UserIntegrationTest]; test method [testGetAllUsers]; transaction manager [org.springframework.orm.jpa.JpaTransactionManager@3ed79f41]; rollback [true]
2026-06-23T22:24:06.005+05:30 DEBUG 3152 --- [           main] org.springframework.test.context.cache   : Spring test ApplicationContext cache statistics: [DefaultContextCache@1a6e940b size = 2, maxSize = 32, parentContextCount = 0, hitCount = 175, missCount = 2]
2026-06-23T22:24:06.005+05:30 DEBUG 3152 --- [           main] org.springframework.test.context.cache   : Spring test ApplicationContext cache statistics: [DefaultContextCache@1a6e940b size = 2, maxSize = 32, parentContextCount = 0, hitCount = 176, missCount = 2]
Hibernate: 
    select
        u1_0.id,
        u1_0.email,
        u1_0.name 
    from
        users u1_0
2026-06-23T22:24:06.010+05:30 DEBUG 3152 --- [           main] org.springframework.test.context.cache   : Spring test ApplicationContext cache statistics: [DefaultContextCache@1a6e940b size = 2, maxSize = 32, parentContextCount = 0, hitCount = 177, missCount = 2]
Hibernate: 
    insert 
    into
        users
        (email,name,id) 
    values
        (?,?,default)
Hibernate: 
    insert 
    into
        users
        (email,name,id) 
    values
        (?,?,default)
Hibernate: 
    insert 
    into
        users
        (email,name,id) 
    values
        (?,?,default)
2026-06-23T22:24:06.018+05:30 DEBUG 3152 --- [           main] o.s.t.web.servlet.TestDispatcherServlet  : GET "/api/users", parameters={}
Hibernate: 
    select
        u1_0.id,
        u1_0.email,
        u1_0.name 
    from
        users u1_0
2026-06-23T22:24:06.024+05:30 DEBUG 3152 --- [           main] o.s.t.web.servlet.TestDispatcherServlet  : Completed 200 OK
2026-06-23T22:24:06.025+05:30 DEBUG 3152 --- [           main] org.springframework.test.context.cache   : Spring test ApplicationContext cache statistics: [DefaultContextCache@1a6e940b size = 2, maxSize = 32, parentContextCount = 0, hitCount = 178, missCount = 2]
2026-06-23T22:24:06.026+05:30 DEBUG 3152 --- [           main] org.springframework.test.context.cache   : Spring test ApplicationContext cache statistics: [DefaultContextCache@1a6e940b size = 2, maxSize = 32, parentContextCount = 0, hitCount = 179, missCount = 2]
2026-06-23T22:24:06.026+05:30 DEBUG 3152 --- [           main] org.springframework.test.context.cache   : Spring test ApplicationContext cache statistics: [DefaultContextCache@1a6e940b size = 2, maxSize = 32, parentContextCount = 0, hitCount = 180, missCount = 2]
2026-06-23T22:24:06.026+05:30 DEBUG 3152 --- [           main] org.springframework.test.context.cache   : Spring test ApplicationContext cache statistics: [DefaultContextCache@1a6e940b size = 2, maxSize = 32, parentContextCount = 0, hitCount = 181, missCount = 2]
2026-06-23T22:24:06.026+05:30 DEBUG 3152 --- [           main] org.springframework.test.context.cache   : Spring test ApplicationContext cache statistics: [DefaultContextCache@1a6e940b size = 2, maxSize = 32, parentContextCount = 0, hitCount = 182, missCount = 2]
2026-06-23T22:24:06.027+05:30 DEBUG 3152 --- [           main] org.springframework.test.context.cache   : Spring test ApplicationContext cache statistics: [DefaultContextCache@1a6e940b size = 2, maxSize = 32, parentContextCount = 0, hitCount = 183, missCount = 2]
2026-06-23T22:24:06.028+05:30 DEBUG 3152 --- [           main] o.s.t.c.transaction.TransactionContext   : Rolled back transaction (1) for test class [com.example.integration.UserIntegrationTest]; test method [testGetAllUsers]
2026-06-23T22:24:06.028+05:30 DEBUG 3152 --- [           main] .c.s.DirtiesContextTestExecutionListener : After test method: class [UserIntegrationTest], method [testGetAllUsers], class annotated with @DirtiesContext [false] with mode [null], method annotated with @DirtiesContext [false] with mode [null]
2026-06-23T22:24:06.029+05:30 DEBUG 3152 --- [           main] o.s.t.c.w.ServletTestExecutionListener   : Resetting RequestContextHolder for test class com.example.integration.UserIntegrationTest
]]></system-out>
  </testcase>
  <testcase name="testUpdateUser" classname="com.example.integration.UserIntegrationTest" time="0.042">
    <system-out><![CDATA[2026-06-23T22:24:06.029+05:30 DEBUG 3152 --- [           main] org.springframework.test.context.cache   : Spring test ApplicationContext cache statistics: [DefaultContextCache@1a6e940b size = 2, maxSize = 32, parentContextCount = 0, hitCount = 184, missCount = 2]
2026-06-23T22:24:06.030+05:30 DEBUG 3152 --- [           main] o.s.t.c.w.ServletTestExecutionListener   : Setting up MockHttpServletRequest, MockHttpServletResponse, ServletWebRequest, and RequestContextHolder for test class com.example.integration.UserIntegrationTest
2026-06-23T22:24:06.030+05:30 DEBUG 3152 --- [           main] DependencyInjectionTestExecutionListener : Performing dependency injection for test class com.example.integration.UserIntegrationTest
2026-06-23T22:24:06.030+05:30 DEBUG 3152 --- [           main] org.springframework.test.context.cache   : Spring test ApplicationContext cache statistics: [DefaultContextCache@1a6e940b size = 2, maxSize = 32, parentContextCount = 0, hitCount = 185, missCount = 2]
2026-06-23T22:24:06.030+05:30 DEBUG 3152 --- [           main] org.springframework.test.context.cache   : Spring test ApplicationContext cache statistics: [DefaultContextCache@1a6e940b size = 2, maxSize = 32, parentContextCount = 0, hitCount = 186, missCount = 2]
2026-06-23T22:24:06.031+05:30 DEBUG 3152 --- [           main] sContextBeforeModesTestExecutionListener : Before test method: class [UserIntegrationTest], method [testUpdateUser], class annotated with @DirtiesContext [false] with mode [null], method annotated with @DirtiesContext [false] with mode [null]
2026-06-23T22:24:06.032+05:30 DEBUG 3152 --- [           main] t.c.t.TransactionalTestExecutionListener : Explicit transaction definition [PROPAGATION_REQUIRED,ISOLATION_DEFAULT] found for test class [com.example.integration.UserIntegrationTest] and test method [testUpdateUser]
2026-06-23T22:24:06.032+05:30 DEBUG 3152 --- [           main] org.springframework.test.context.cache   : Spring test ApplicationContext cache statistics: [DefaultContextCache@1a6e940b size = 2, maxSize = 32, parentContextCount = 0, hitCount = 187, missCount = 2]
2026-06-23T22:24:06.033+05:30 DEBUG 3152 --- [           main] t.c.t.TransactionalTestExecutionListener : No method-level @Rollback override: using default rollback [true] for test method [void com.example.integration.UserIntegrationTest.testUpdateUser() throws java.lang.Exception]
2026-06-23T22:24:06.033+05:30 DEBUG 3152 --- [           main] o.s.t.c.transaction.TransactionContext   : Began transaction (1) for test class [com.example.integration.UserIntegrationTest]; test method [testUpdateUser]; transaction manager [org.springframework.orm.jpa.JpaTransactionManager@3ed79f41]; rollback [true]
2026-06-23T22:24:06.034+05:30 DEBUG 3152 --- [           main] org.springframework.test.context.cache   : Spring test ApplicationContext cache statistics: [DefaultContextCache@1a6e940b size = 2, maxSize = 32, parentContextCount = 0, hitCount = 188, missCount = 2]
2026-06-23T22:24:06.034+05:30 DEBUG 3152 --- [           main] org.springframework.test.context.cache   : Spring test ApplicationContext cache statistics: [DefaultContextCache@1a6e940b size = 2, maxSize = 32, parentContextCount = 0, hitCount = 189, missCount = 2]
Hibernate: 
    select
        u1_0.id,
        u1_0.email,
        u1_0.name 
    from
        users u1_0
2026-06-23T22:24:06.036+05:30 DEBUG 3152 --- [           main] org.springframework.test.context.cache   : Spring test ApplicationContext cache statistics: [DefaultContextCache@1a6e940b size = 2, maxSize = 32, parentContextCount = 0, hitCount = 190, missCount = 2]
Hibernate: 
    insert 
    into
        users
        (email,name,id) 
    values
        (?,?,default)
2026-06-23T22:24:06.042+05:30 DEBUG 3152 --- [           main] o.s.t.web.servlet.TestDispatcherServlet  : PUT "/api/users/9", parameters={}
2026-06-23T22:24:06.068+05:30 DEBUG 3152 --- [           main] o.s.t.web.servlet.TestDispatcherServlet  : Completed 200 OK
2026-06-23T22:24:06.070+05:30 DEBUG 3152 --- [           main] org.springframework.test.context.cache   : Spring test ApplicationContext cache statistics: [DefaultContextCache@1a6e940b size = 2, maxSize = 32, parentContextCount = 0, hitCount = 191, missCount = 2]
2026-06-23T22:24:06.070+05:30 DEBUG 3152 --- [           main] org.springframework.test.context.cache   : Spring test ApplicationContext cache statistics: [DefaultContextCache@1a6e940b size = 2, maxSize = 32, parentContextCount = 0, hitCount = 192, missCount = 2]
2026-06-23T22:24:06.070+05:30 DEBUG 3152 --- [           main] org.springframework.test.context.cache   : Spring test ApplicationContext cache statistics: [DefaultContextCache@1a6e940b size = 2, maxSize = 32, parentContextCount = 0, hitCount = 193, missCount = 2]
2026-06-23T22:24:06.071+05:30 DEBUG 3152 --- [           main] org.springframework.test.context.cache   : Spring test ApplicationContext cache statistics: [DefaultContextCache@1a6e940b size = 2, maxSize = 32, parentContextCount = 0, hitCount = 194, missCount = 2]
2026-06-23T22:24:06.071+05:30 DEBUG 3152 --- [           main] org.springframework.test.context.cache   : Spring test ApplicationContext cache statistics: [DefaultContextCache@1a6e940b size = 2, maxSize = 32, parentContextCount = 0, hitCount = 195, missCount = 2]
2026-06-23T22:24:06.071+05:30 DEBUG 3152 --- [           main] org.springframework.test.context.cache   : Spring test ApplicationContext cache statistics: [DefaultContextCache@1a6e940b size = 2, maxSize = 32, parentContextCount = 0, hitCount = 196, missCount = 2]
2026-06-23T22:24:06.072+05:30 DEBUG 3152 --- [           main] o.s.t.c.transaction.TransactionContext   : Rolled back transaction (1) for test class [com.example.integration.UserIntegrationTest]; test method [testUpdateUser]
2026-06-23T22:24:06.072+05:30 DEBUG 3152 --- [           main] .c.s.DirtiesContextTestExecutionListener : After test method: class [UserIntegrationTest], method [testUpdateUser], class annotated with @DirtiesContext [false] with mode [null], method annotated with @DirtiesContext [false] with mode [null]
2026-06-23T22:24:06.072+05:30 DEBUG 3152 --- [           main] o.s.t.c.w.ServletTestExecutionListener   : Resetting RequestContextHolder for test class com.example.integration.UserIntegrationTest
]]></system-out>
  </testcase>
  <testcase name="testValidationErrors" classname="com.example.integration.UserIntegrationTest" time="0.017">
    <system-out><![CDATA[2026-06-23T22:24:06.074+05:30 DEBUG 3152 --- [           main] org.springframework.test.context.cache   : Spring test ApplicationContext cache statistics: [DefaultContextCache@1a6e940b size = 2, maxSize = 32, parentContextCount = 0, hitCount = 197, missCount = 2]
2026-06-23T22:24:06.074+05:30 DEBUG 3152 --- [           main] o.s.t.c.w.ServletTestExecutionListener   : Setting up MockHttpServletRequest, MockHttpServletResponse, ServletWebRequest, and RequestContextHolder for test class com.example.integration.UserIntegrationTest
2026-06-23T22:24:06.074+05:30 DEBUG 3152 --- [           main] DependencyInjectionTestExecutionListener : Performing dependency injection for test class com.example.integration.UserIntegrationTest
2026-06-23T22:24:06.075+05:30 DEBUG 3152 --- [           main] org.springframework.test.context.cache   : Spring test ApplicationContext cache statistics: [DefaultContextCache@1a6e940b size = 2, maxSize = 32, parentContextCount = 0, hitCount = 198, missCount = 2]
2026-06-23T22:24:06.076+05:30 DEBUG 3152 --- [           main] org.springframework.test.context.cache   : Spring test ApplicationContext cache statistics: [DefaultContextCache@1a6e940b size = 2, maxSize = 32, parentContextCount = 0, hitCount = 199, missCount = 2]
2026-06-23T22:24:06.078+05:30 DEBUG 3152 --- [           main] sContextBeforeModesTestExecutionListener : Before test method: class [UserIntegrationTest], method [testValidationErrors], class annotated with @DirtiesContext [false] with mode [null], method annotated with @DirtiesContext [false] with mode [null]
2026-06-23T22:24:06.078+05:30 DEBUG 3152 --- [           main] t.c.t.TransactionalTestExecutionListener : Explicit transaction definition [PROPAGATION_REQUIRED,ISOLATION_DEFAULT] found for test class [com.example.integration.UserIntegrationTest] and test method [testValidationErrors]
2026-06-23T22:24:06.079+05:30 DEBUG 3152 --- [           main] org.springframework.test.context.cache   : Spring test ApplicationContext cache statistics: [DefaultContextCache@1a6e940b size = 2, maxSize = 32, parentContextCount = 0, hitCount = 200, missCount = 2]
2026-06-23T22:24:06.079+05:30 DEBUG 3152 --- [           main] t.c.t.TransactionalTestExecutionListener : No method-level @Rollback override: using default rollback [true] for test method [void com.example.integration.UserIntegrationTest.testValidationErrors() throws java.lang.Exception]
2026-06-23T22:24:06.079+05:30 DEBUG 3152 --- [           main] o.s.t.c.transaction.TransactionContext   : Began transaction (1) for test class [com.example.integration.UserIntegrationTest]; test method [testValidationErrors]; transaction manager [org.springframework.orm.jpa.JpaTransactionManager@3ed79f41]; rollback [true]
2026-06-23T22:24:06.080+05:30 DEBUG 3152 --- [           main] org.springframework.test.context.cache   : Spring test ApplicationContext cache statistics: [DefaultContextCache@1a6e940b size = 2, maxSize = 32, parentContextCount = 0, hitCount = 201, missCount = 2]
2026-06-23T22:24:06.080+05:30 DEBUG 3152 --- [           main] org.springframework.test.context.cache   : Spring test ApplicationContext cache statistics: [DefaultContextCache@1a6e940b size = 2, maxSize = 32, parentContextCount = 0, hitCount = 202, missCount = 2]
Hibernate: 
    select
        u1_0.id,
        u1_0.email,
        u1_0.name 
    from
        users u1_0
2026-06-23T22:24:06.083+05:30 DEBUG 3152 --- [           main] org.springframework.test.context.cache   : Spring test ApplicationContext cache statistics: [DefaultContextCache@1a6e940b size = 2, maxSize = 32, parentContextCount = 0, hitCount = 203, missCount = 2]
2026-06-23T22:24:06.084+05:30 DEBUG 3152 --- [           main] o.s.t.web.servlet.TestDispatcherServlet  : POST "/api/users", parameters={}
2026-06-23T22:24:06.088+05:30 DEBUG 3152 --- [           main] o.s.t.web.servlet.TestDispatcherServlet  : Completed 400 BAD_REQUEST
2026-06-23T22:24:06.089+05:30 DEBUG 3152 --- [           main] org.springframework.test.context.cache   : Spring test ApplicationContext cache statistics: [DefaultContextCache@1a6e940b size = 2, maxSize = 32, parentContextCount = 0, hitCount = 204, missCount = 2]
2026-06-23T22:24:06.089+05:30 DEBUG 3152 --- [           main] org.springframework.test.context.cache   : Spring test ApplicationContext cache statistics: [DefaultContextCache@1a6e940b size = 2, maxSize = 32, parentContextCount = 0, hitCount = 205, missCount = 2]
2026-06-23T22:24:06.089+05:30 DEBUG 3152 --- [           main] org.springframework.test.context.cache   : Spring test ApplicationContext cache statistics: [DefaultContextCache@1a6e940b size = 2, maxSize = 32, parentContextCount = 0, hitCount = 206, missCount = 2]
2026-06-23T22:24:06.089+05:30 DEBUG 3152 --- [           main] org.springframework.test.context.cache   : Spring test ApplicationContext cache statistics: [DefaultContextCache@1a6e940b size = 2, maxSize = 32, parentContextCount = 0, hitCount = 207, missCount = 2]
2026-06-23T22:24:06.090+05:30 DEBUG 3152 --- [           main] org.springframework.test.context.cache   : Spring test ApplicationContext cache statistics: [DefaultContextCache@1a6e940b size = 2, maxSize = 32, parentContextCount = 0, hitCount = 208, missCount = 2]
2026-06-23T22:24:06.091+05:30 DEBUG 3152 --- [           main] org.springframework.test.context.cache   : Spring test ApplicationContext cache statistics: [DefaultContextCache@1a6e940b size = 2, maxSize = 32, parentContextCount = 0, hitCount = 209, missCount = 2]
2026-06-23T22:24:06.092+05:30 DEBUG 3152 --- [           main] o.s.t.c.transaction.TransactionContext   : Rolled back transaction (1) for test class [com.example.integration.UserIntegrationTest]; test method [testValidationErrors]
2026-06-23T22:24:06.093+05:30 DEBUG 3152 --- [           main] .c.s.DirtiesContextTestExecutionListener : After test method: class [UserIntegrationTest], method [testValidationErrors], class annotated with @DirtiesContext [false] with mode [null], method annotated with @DirtiesContext [false] with mode [null]
2026-06-23T22:24:06.093+05:30 DEBUG 3152 --- [           main] o.s.t.c.w.ServletTestExecutionListener   : Resetting RequestContextHolder for test class com.example.integration.UserIntegrationTest
]]></system-out>
  </testcase>
  <testcase name="testDeleteUser" classname="com.example.integration.UserIntegrationTest" time="0.138">
    <system-out><![CDATA[2026-06-23T22:24:06.094+05:30 DEBUG 3152 --- [           main] org.springframework.test.context.cache   : Spring test ApplicationContext cache statistics: [DefaultContextCache@1a6e940b size = 2, maxSize = 32, parentContextCount = 0, hitCount = 210, missCount = 2]
2026-06-23T22:24:06.094+05:30 DEBUG 3152 --- [           main] o.s.t.c.w.ServletTestExecutionListener   : Setting up MockHttpServletRequest, MockHttpServletResponse, ServletWebRequest, and RequestContextHolder for test class com.example.integration.UserIntegrationTest
2026-06-23T22:24:06.095+05:30 DEBUG 3152 --- [           main] DependencyInjectionTestExecutionListener : Performing dependency injection for test class com.example.integration.UserIntegrationTest
2026-06-23T22:24:06.095+05:30 DEBUG 3152 --- [           main] org.springframework.test.context.cache   : Spring test ApplicationContext cache statistics: [DefaultContextCache@1a6e940b size = 2, maxSize = 32, parentContextCount = 0, hitCount = 211, missCount = 2]
2026-06-23T22:24:06.095+05:30 DEBUG 3152 --- [           main] org.springframework.test.context.cache   : Spring test ApplicationContext cache statistics: [DefaultContextCache@1a6e940b size = 2, maxSize = 32, parentContextCount = 0, hitCount = 212, missCount = 2]
2026-06-23T22:24:06.098+05:30 DEBUG 3152 --- [           main] sContextBeforeModesTestExecutionListener : Before test method: class [UserIntegrationTest], method [testDeleteUser], class annotated with @DirtiesContext [false] with mode [null], method annotated with @DirtiesContext [false] with mode [null]
2026-06-23T22:24:06.098+05:30 DEBUG 3152 --- [           main] t.c.t.TransactionalTestExecutionListener : Explicit transaction definition [PROPAGATION_REQUIRED,ISOLATION_DEFAULT] found for test class [com.example.integration.UserIntegrationTest] and test method [testDeleteUser]
2026-06-23T22:24:06.098+05:30 DEBUG 3152 --- [           main] org.springframework.test.context.cache   : Spring test ApplicationContext cache statistics: [DefaultContextCache@1a6e940b size = 2, maxSize = 32, parentContextCount = 0, hitCount = 213, missCount = 2]
2026-06-23T22:24:06.099+05:30 DEBUG 3152 --- [           main] t.c.t.TransactionalTestExecutionListener : No method-level @Rollback override: using default rollback [true] for test method [void com.example.integration.UserIntegrationTest.testDeleteUser() throws java.lang.Exception]
2026-06-23T22:24:06.099+05:30 DEBUG 3152 --- [           main] o.s.t.c.transaction.TransactionContext   : Began transaction (1) for test class [com.example.integration.UserIntegrationTest]; test method [testDeleteUser]; transaction manager [org.springframework.orm.jpa.JpaTransactionManager@3ed79f41]; rollback [true]
2026-06-23T22:24:06.099+05:30 DEBUG 3152 --- [           main] org.springframework.test.context.cache   : Spring test ApplicationContext cache statistics: [DefaultContextCache@1a6e940b size = 2, maxSize = 32, parentContextCount = 0, hitCount = 214, missCount = 2]
2026-06-23T22:24:06.099+05:30 DEBUG 3152 --- [           main] org.springframework.test.context.cache   : Spring test ApplicationContext cache statistics: [DefaultContextCache@1a6e940b size = 2, maxSize = 32, parentContextCount = 0, hitCount = 215, missCount = 2]
Hibernate: 
    select
        u1_0.id,
        u1_0.email,
        u1_0.name 
    from
        users u1_0
2026-06-23T22:24:06.105+05:30 DEBUG 3152 --- [           main] org.springframework.test.context.cache   : Spring test ApplicationContext cache statistics: [DefaultContextCache@1a6e940b size = 2, maxSize = 32, parentContextCount = 0, hitCount = 216, missCount = 2]
Hibernate: 
    insert 
    into
        users
        (email,name,id) 
    values
        (?,?,default)
2026-06-23T22:24:06.109+05:30 DEBUG 3152 --- [           main] o.s.t.web.servlet.TestDispatcherServlet  : DELETE "/api/users/10", parameters={}
Hibernate: 
    select
        count(*) 
    from
        users u1_0 
    where
        u1_0.id=?
2026-06-23T22:24:06.227+05:30 DEBUG 3152 --- [           main] o.s.t.web.servlet.TestDispatcherServlet  : Completed 204 NO_CONTENT
2026-06-23T22:24:06.228+05:30 DEBUG 3152 --- [           main] o.s.t.web.servlet.TestDispatcherServlet  : GET "/api/users/10", parameters={}
2026-06-23T22:24:06.231+05:30 DEBUG 3152 --- [           main] o.s.t.web.servlet.TestDispatcherServlet  : Completed 404 NOT_FOUND
2026-06-23T22:24:06.231+05:30 DEBUG 3152 --- [           main] org.springframework.test.context.cache   : Spring test ApplicationContext cache statistics: [DefaultContextCache@1a6e940b size = 2, maxSize = 32, parentContextCount = 0, hitCount = 217, missCount = 2]
2026-06-23T22:24:06.232+05:30 DEBUG 3152 --- [           main] org.springframework.test.context.cache   : Spring test ApplicationContext cache statistics: [DefaultContextCache@1a6e940b size = 2, maxSize = 32, parentContextCount = 0, hitCount = 218, missCount = 2]
2026-06-23T22:24:06.232+05:30 DEBUG 3152 --- [           main] org.springframework.test.context.cache   : Spring test ApplicationContext cache statistics: [DefaultContextCache@1a6e940b size = 2, maxSize = 32, parentContextCount = 0, hitCount = 219, missCount = 2]
2026-06-23T22:24:06.232+05:30 DEBUG 3152 --- [           main] org.springframework.test.context.cache   : Spring test ApplicationContext cache statistics: [DefaultContextCache@1a6e940b size = 2, maxSize = 32, parentContextCount = 0, hitCount = 220, missCount = 2]
2026-06-23T22:24:06.232+05:30 DEBUG 3152 --- [           main] org.springframework.test.context.cache   : Spring test ApplicationContext cache statistics: [DefaultContextCache@1a6e940b size = 2, maxSize = 32, parentContextCount = 0, hitCount = 221, missCount = 2]
2026-06-23T22:24:06.233+05:30 DEBUG 3152 --- [           main] org.springframework.test.context.cache   : Spring test ApplicationContext cache statistics: [DefaultContextCache@1a6e940b size = 2, maxSize = 32, parentContextCount = 0, hitCount = 222, missCount = 2]
2026-06-23T22:24:06.234+05:30 DEBUG 3152 --- [           main] o.s.t.c.transaction.TransactionContext   : Rolled back transaction (1) for test class [com.example.integration.UserIntegrationTest]; test method [testDeleteUser]
2026-06-23T22:24:06.234+05:30 DEBUG 3152 --- [           main] .c.s.DirtiesContextTestExecutionListener : After test method: class [UserIntegrationTest], method [testDeleteUser], class annotated with @DirtiesContext [false] with mode [null], method annotated with @DirtiesContext [false] with mode [null]
2026-06-23T22:24:06.234+05:30 DEBUG 3152 --- [           main] o.s.t.c.w.ServletTestExecutionListener   : Resetting RequestContextHolder for test class com.example.integration.UserIntegrationTest
]]></system-out>
  </testcase>
  <testcase name="testCreateAndGetUser" classname="com.example.integration.UserIntegrationTest" time="0.051">
    <system-out><![CDATA[2026-06-23T22:24:06.235+05:30 DEBUG 3152 --- [           main] org.springframework.test.context.cache   : Spring test ApplicationContext cache statistics: [DefaultContextCache@1a6e940b size = 2, maxSize = 32, parentContextCount = 0, hitCount = 223, missCount = 2]
2026-06-23T22:24:06.235+05:30 DEBUG 3152 --- [           main] o.s.t.c.w.ServletTestExecutionListener   : Setting up MockHttpServletRequest, MockHttpServletResponse, ServletWebRequest, and RequestContextHolder for test class com.example.integration.UserIntegrationTest
2026-06-23T22:24:06.235+05:30 DEBUG 3152 --- [           main] DependencyInjectionTestExecutionListener : Performing dependency injection for test class com.example.integration.UserIntegrationTest
2026-06-23T22:24:06.235+05:30 DEBUG 3152 --- [           main] org.springframework.test.context.cache   : Spring test ApplicationContext cache statistics: [DefaultContextCache@1a6e940b size = 2, maxSize = 32, parentContextCount = 0, hitCount = 224, missCount = 2]
2026-06-23T22:24:06.235+05:30 DEBUG 3152 --- [           main] org.springframework.test.context.cache   : Spring test ApplicationContext cache statistics: [DefaultContextCache@1a6e940b size = 2, maxSize = 32, parentContextCount = 0, hitCount = 225, missCount = 2]
2026-06-23T22:24:06.237+05:30 DEBUG 3152 --- [           main] sContextBeforeModesTestExecutionListener : Before test method: class [UserIntegrationTest], method [testCreateAndGetUser], class annotated with @DirtiesContext [false] with mode [null], method annotated with @DirtiesContext [false] with mode [null]
2026-06-23T22:24:06.237+05:30 DEBUG 3152 --- [           main] t.c.t.TransactionalTestExecutionListener : Explicit transaction definition [PROPAGATION_REQUIRED,ISOLATION_DEFAULT] found for test class [com.example.integration.UserIntegrationTest] and test method [testCreateAndGetUser]
2026-06-23T22:24:06.238+05:30 DEBUG 3152 --- [           main] org.springframework.test.context.cache   : Spring test ApplicationContext cache statistics: [DefaultContextCache@1a6e940b size = 2, maxSize = 32, parentContextCount = 0, hitCount = 226, missCount = 2]
2026-06-23T22:24:06.238+05:30 DEBUG 3152 --- [           main] t.c.t.TransactionalTestExecutionListener : No method-level @Rollback override: using default rollback [true] for test method [void com.example.integration.UserIntegrationTest.testCreateAndGetUser() throws java.lang.Exception]
2026-06-23T22:24:06.238+05:30 DEBUG 3152 --- [           main] o.s.t.c.transaction.TransactionContext   : Began transaction (1) for test class [com.example.integration.UserIntegrationTest]; test method [testCreateAndGetUser]; transaction manager [org.springframework.orm.jpa.JpaTransactionManager@3ed79f41]; rollback [true]
2026-06-23T22:24:06.238+05:30 DEBUG 3152 --- [           main] org.springframework.test.context.cache   : Spring test ApplicationContext cache statistics: [DefaultContextCache@1a6e940b size = 2, maxSize = 32, parentContextCount = 0, hitCount = 227, missCount = 2]
2026-06-23T22:24:06.238+05:30 DEBUG 3152 --- [           main] org.springframework.test.context.cache   : Spring test ApplicationContext cache statistics: [DefaultContextCache@1a6e940b size = 2, maxSize = 32, parentContextCount = 0, hitCount = 228, missCount = 2]
Hibernate: 
    select
        u1_0.id,
        u1_0.email,
        u1_0.name 
    from
        users u1_0
2026-06-23T22:24:06.242+05:30 DEBUG 3152 --- [           main] org.springframework.test.context.cache   : Spring test ApplicationContext cache statistics: [DefaultContextCache@1a6e940b size = 2, maxSize = 32, parentContextCount = 0, hitCount = 229, missCount = 2]
2026-06-23T22:24:06.244+05:30 DEBUG 3152 --- [           main] o.s.t.web.servlet.TestDispatcherServlet  : POST "/api/users", parameters={}
Hibernate: 
    select
        u1_0.id 
    from
        users u1_0 
    where
        u1_0.email=? 
    fetch
        first ? rows only
Hibernate: 
    insert 
    into
        users
        (email,name,id) 
    values
        (?,?,default)
2026-06-23T22:24:06.253+05:30 DEBUG 3152 --- [           main] o.s.t.web.servlet.TestDispatcherServlet  : Completed 201 CREATED
2026-06-23T22:24:06.260+05:30 DEBUG 3152 --- [           main] o.s.t.web.servlet.TestDispatcherServlet  : GET "/api/users/11", parameters={}
2026-06-23T22:24:06.262+05:30 DEBUG 3152 --- [           main] o.s.t.web.servlet.TestDispatcherServlet  : Completed 200 OK
2026-06-23T22:24:06.285+05:30 DEBUG 3152 --- [           main] org.springframework.test.context.cache   : Spring test ApplicationContext cache statistics: [DefaultContextCache@1a6e940b size = 2, maxSize = 32, parentContextCount = 0, hitCount = 230, missCount = 2]
2026-06-23T22:24:06.285+05:30 DEBUG 3152 --- [           main] org.springframework.test.context.cache   : Spring test ApplicationContext cache statistics: [DefaultContextCache@1a6e940b size = 2, maxSize = 32, parentContextCount = 0, hitCount = 231, missCount = 2]
2026-06-23T22:24:06.285+05:30 DEBUG 3152 --- [           main] org.springframework.test.context.cache   : Spring test ApplicationContext cache statistics: [DefaultContextCache@1a6e940b size = 2, maxSize = 32, parentContextCount = 0, hitCount = 232, missCount = 2]
2026-06-23T22:24:06.285+05:30 DEBUG 3152 --- [           main] org.springframework.test.context.cache   : Spring test ApplicationContext cache statistics: [DefaultContextCache@1a6e940b size = 2, maxSize = 32, parentContextCount = 0, hitCount = 233, missCount = 2]
2026-06-23T22:24:06.286+05:30 DEBUG 3152 --- [           main] org.springframework.test.context.cache   : Spring test ApplicationContext cache statistics: [DefaultContextCache@1a6e940b size = 2, maxSize = 32, parentContextCount = 0, hitCount = 234, missCount = 2]
2026-06-23T22:24:06.286+05:30 DEBUG 3152 --- [           main] org.springframework.test.context.cache   : Spring test ApplicationContext cache statistics: [DefaultContextCache@1a6e940b size = 2, maxSize = 32, parentContextCount = 0, hitCount = 235, missCount = 2]
2026-06-23T22:24:06.287+05:30 DEBUG 3152 --- [           main] o.s.t.c.transaction.TransactionContext   : Rolled back transaction (1) for test class [com.example.integration.UserIntegrationTest]; test method [testCreateAndGetUser]
2026-06-23T22:24:06.287+05:30 DEBUG 3152 --- [           main] .c.s.DirtiesContextTestExecutionListener : After test method: class [UserIntegrationTest], method [testCreateAndGetUser], class annotated with @DirtiesContext [false] with mode [null], method annotated with @DirtiesContext [false] with mode [null]
2026-06-23T22:24:06.287+05:30 DEBUG 3152 --- [           main] o.s.t.c.w.ServletTestExecutionListener   : Resetting RequestContextHolder for test class com.example.integration.UserIntegrationTest
]]></system-out>
  </testcase>
</testsuite>