<?xml version="1.0" encoding="UTF-8"?>
<testsuite xmlns:xsi="http://www.w3.org/2001/XMLSchema-instance" xsi:noNamespaceSchemaLocation="https://maven.apache.org/surefire/maven-surefire-plugin/xsd/surefire-test-report-3.0.xsd" version="3.0" name="com.example.integration.UserIntegrationTest" time="5.96" tests="4" errors="0" skipped="0" failures="0">
  <properties>
[...]
</properties>
  <testcase name="testDuplicateEmail" classname="com.example.integration.UserIntegrationTest" time="0.573">
    <system-out><![CDATA[2026-06-24T18:57:02.143+05:30  INFO 29608 --- [           main] t.c.s.AnnotationConfigContextLoaderUtils : Could not detect default configuration classes for test class [com.example.integration.UserIntegrationTest]: UserIntegrationTest does not declare any static, non-private, non-final, nested classes annotated with @Configuration.
2026-06-24T18:57:02.173+05:30  INFO 29608 --- [           main] .b.t.c.SpringBootTestContextBootstrapper : Found @SpringBootConfiguration com.example.Application for test class com.example.integration.UserIntegrationTest

  .   ____          _            __ _ _
 /\\ / ___'_ __ _ _(_)_ __  __ _ \ \ \ \
( ( )\___ | '_ | '_| | '_ \/ _` | \ \ \ \
 \\/  ___)| |_)| | | | | || (_| |  ) ) ) )
  '  |____| .__|_| |_|_| |_\__, | / / / /
 =========|_|==============|___/=/_/_/_/
 :: Spring Boot ::                (v3.1.5)

2026-06-24T18:57:02.328+05:30  INFO 29608 --- [           main] c.e.integration.UserIntegrationTest      : Starting UserIntegrationTest using Java 21.0.7 with PID 29608 (started by linga in C:\Users\linga\OneDrive\Documents\Desktop\Cogniant-DeepSkilling\Module-4-Test_driven_development_and_Logging_framework\5.Mockito_Mock_dependencies_exercises)
2026-06-24T18:57:02.329+05:30  INFO 29608 --- [           main] c.e.integration.UserIntegrationTest      : No active profile set, falling back to 1 default profile: "default"
2026-06-24T18:57:03.119+05:30  INFO 29608 --- [           main] .s.d.r.c.RepositoryConfigurationDelegate : Bootstrapping Spring Data JPA repositories in DEFAULT mode.
2026-06-24T18:57:03.290+05:30  INFO 29608 --- [           main] .s.d.r.c.RepositoryConfigurationDelegate : Finished Spring Data repository scanning in 132 ms. Found 1 JPA repository interfaces.
2026-06-24T18:57:03.954+05:30  INFO 29608 --- [           main] o.hibernate.jpa.internal.util.LogHelper  : HHH000204: Processing PersistenceUnitInfo [name: default]
2026-06-24T18:57:04.072+05:30  INFO 29608 --- [           main] org.hibernate.Version                    : HHH000412: Hibernate ORM core version 6.2.13.Final
2026-06-24T18:57:04.078+05:30  INFO 29608 --- [           main] org.hibernate.cfg.Environment            : HHH000406: Using bytecode reflection optimizer
2026-06-24T18:57:04.376+05:30  INFO 29608 --- [           main] o.s.o.j.p.SpringPersistenceUnitInfo      : No LoadTimeWeaver setup: ignoring JPA class transformer
2026-06-24T18:57:04.419+05:30  INFO 29608 --- [           main] com.zaxxer.hikari.HikariDataSource       : HikariPool-1 - Starting...
2026-06-24T18:57:04.688+05:30  INFO 29608 --- [           main] com.zaxxer.hikari.pool.HikariPool        : HikariPool-1 - Added connection conn0: url=jdbc:h2:mem:testdb user=SA
2026-06-24T18:57:04.691+05:30  INFO 29608 --- [           main] com.zaxxer.hikari.HikariDataSource       : HikariPool-1 - Start completed.
2026-06-24T18:57:04.734+05:30  WARN 29608 --- [           main] org.hibernate.orm.deprecation            : HHH90000025: H2Dialect does not need to be specified explicitly using 'hibernate.dialect' (remove the property setting and it will be selected by default)
2026-06-24T18:57:05.791+05:30  INFO 29608 --- [           main] o.h.e.t.j.p.i.JtaPlatformInitiator       : HHH000489: No JTA platform available (set 'hibernate.transaction.jta.platform' to enable JTA platform integration)
Hibernate: 
    drop table if exists users cascade 
Hibernate: 
    create table users (
        id bigint generated by default as identity,
        email varchar(255) not null unique,
        name varchar(255) not null,
        primary key (id)
    )
2026-06-24T18:57:05.847+05:30  INFO 29608 --- [           main] j.LocalContainerEntityManagerFactoryBean : Initialized JPA EntityManagerFactory for persistence unit 'default'
2026-06-24T18:57:06.585+05:30  WARN 29608 --- [           main] JpaBaseConfiguration$JpaWebConfiguration : spring.jpa.open-in-view is enabled by default. Therefore, database queries may be performed during view rendering. Explicitly configure spring.jpa.open-in-view to disable this warning
2026-06-24T18:57:06.882+05:30  INFO 29608 --- [           main] o.s.b.t.m.w.SpringBootMockServletContext : Initializing Spring TestDispatcherServlet ''
2026-06-24T18:57:06.883+05:30  INFO 29608 --- [           main] o.s.t.web.servlet.TestDispatcherServlet  : Initializing Servlet ''
2026-06-24T18:57:06.883+05:30 DEBUG 29608 --- [           main] o.s.t.web.servlet.TestDispatcherServlet  : Detected StandardServletMultipartResolver
2026-06-24T18:57:06.884+05:30 DEBUG 29608 --- [           main] o.s.t.web.servlet.TestDispatcherServlet  : Detected AcceptHeaderLocaleResolver
2026-06-24T18:57:06.884+05:30 DEBUG 29608 --- [           main] o.s.t.web.servlet.TestDispatcherServlet  : Detected FixedThemeResolver
2026-06-24T18:57:06.885+05:30 DEBUG 29608 --- [           main] o.s.t.web.servlet.TestDispatcherServlet  : Detected org.springframework.web.servlet.view.DefaultRequestToViewNameTranslator@33f059ad
2026-06-24T18:57:06.885+05:30 DEBUG 29608 --- [           main] o.s.t.web.servlet.TestDispatcherServlet  : Detected org.springframework.web.servlet.support.SessionFlashMapManager@35c83c56
2026-06-24T18:57:06.893+05:30 DEBUG 29608 --- [           main] o.s.t.web.servlet.TestDispatcherServlet  : enableLoggingRequestDetails='false': request parameters and headers will be masked to prevent unsafe logging of potentially sensitive data
2026-06-24T18:57:06.894+05:30  INFO 29608 --- [           main] o.s.t.web.servlet.TestDispatcherServlet  : Completed initialization in 11 ms
2026-06-24T18:57:06.906+05:30  INFO 29608 --- [           main] c.e.integration.UserIntegrationTest      : Started UserIntegrationTest in 4.718 seconds (process running for 9.633)
2026-06-24T18:57:06.919+05:30 DEBUG 29608 --- [           main] org.springframework.test.context.cache   : Spring test ApplicationContext cache statistics: [DefaultContextCache@709353b9 size = 2, maxSize = 32, parentContextCount = 0, hitCount = 60, missCount = 2]
2026-06-24T18:57:06.920+05:30 DEBUG 29608 --- [           main] o.s.t.c.w.ServletTestExecutionListener   : Setting up MockHttpServletRequest, MockHttpServletResponse, ServletWebRequest, and RequestContextHolder for test class com.example.integration.UserIntegrationTest
2026-06-24T18:57:06.921+05:30 DEBUG 29608 --- [           main] DependencyInjectionTestExecutionListener : Performing dependency injection for test class com.example.integration.UserIntegrationTest
2026-06-24T18:57:06.921+05:30 DEBUG 29608 --- [           main] org.springframework.test.context.cache   : Spring test ApplicationContext cache statistics: [DefaultContextCache@709353b9 size = 2, maxSize = 32, parentContextCount = 0, hitCount = 61, missCount = 2]
2026-06-24T18:57:06.924+05:30 DEBUG 29608 --- [           main] org.springframework.test.context.cache   : Spring test ApplicationContext cache statistics: [DefaultContextCache@709353b9 size = 2, maxSize = 32, parentContextCount = 0, hitCount = 62, missCount = 2]
2026-06-24T18:57:06.928+05:30 DEBUG 29608 --- [           main] sContextBeforeModesTestExecutionListener : Before test method: class [UserIntegrationTest], method [testDuplicateEmail], class annotated with @DirtiesContext [false] with mode [null], method annotated with @DirtiesContext [false] with mode [null]
2026-06-24T18:57:06.941+05:30 DEBUG 29608 --- [           main] t.c.t.TransactionalTestExecutionListener : Explicit transaction definition [PROPAGATION_REQUIRED,ISOLATION_DEFAULT] found for test class [com.example.integration.UserIntegrationTest] and test method [testDuplicateEmail]
2026-06-24T18:57:06.941+05:30 DEBUG 29608 --- [           main] org.springframework.test.context.cache   : Spring test ApplicationContext cache statistics: [DefaultContextCache@709353b9 size = 2, maxSize = 32, parentContextCount = 0, hitCount = 63, missCount = 2]
2026-06-24T18:57:06.948+05:30 DEBUG 29608 --- [           main] t.c.t.TransactionalTestExecutionListener : No method-level @Rollback override: using default rollback [true] for test method [void com.example.integration.UserIntegrationTest.testDuplicateEmail() throws java.lang.Exception]
2026-06-24T18:57:06.976+05:30 DEBUG 29608 --- [           main] o.s.t.c.transaction.TransactionContext   : Began transaction (1) for test class [com.example.integration.UserIntegrationTest]; test method [testDuplicateEmail]; transaction manager [org.springframework.orm.jpa.JpaTransactionManager@234adbe2]; rollback [true]
2026-06-24T18:57:06.977+05:30 DEBUG 29608 --- [           main] org.springframework.test.context.cache   : Spring test ApplicationContext cache statistics: [DefaultContextCache@709353b9 size = 2, maxSize = 32, parentContextCount = 0, hitCount = 64, missCount = 2]
2026-06-24T18:57:06.977+05:30 DEBUG 29608 --- [           main] org.springframework.test.context.cache   : Spring test ApplicationContext cache statistics: [DefaultContextCache@709353b9 size = 2, maxSize = 32, parentContextCount = 0, hitCount = 65, missCount = 2]
Hibernate: 
    select
        u1_0.id,
        u1_0.email,
        u1_0.name 
    from
        users u1_0
2026-06-24T18:57:07.331+05:30 DEBUG 29608 --- [           main] org.springframework.test.context.cache   : Spring test ApplicationContext cache statistics: [DefaultContextCache@709353b9 size = 2, maxSize = 32, parentContextCount = 0, hitCount = 66, missCount = 2]
Hibernate: 
    insert 
    into
        users
        (email,name,id) 
    values
        (?,?,default)
2026-06-24T18:57:07.380+05:30 DEBUG 29608 --- [           main] o.s.t.web.servlet.TestDispatcherServlet  : POST "/api/users", parameters={}
Hibernate: 
    select
        u1_0.id 
    from
        users u1_0 
    where
        u1_0.email=? 
    fetch
        first ? rows only
2026-06-24T18:57:07.489+05:30 DEBUG 29608 --- [           main] o.s.t.web.servlet.TestDispatcherServlet  : Completed 400 BAD_REQUEST
2026-06-24T18:57:07.491+05:30 DEBUG 29608 --- [           main] org.springframework.test.context.cache   : Spring test ApplicationContext cache statistics: [DefaultContextCache@709353b9 size = 2, maxSize = 32, parentContextCount = 0, hitCount = 67, missCount = 2]
2026-06-24T18:57:07.492+05:30 DEBUG 29608 --- [           main] org.springframework.test.context.cache   : Spring test ApplicationContext cache statistics: [DefaultContextCache@709353b9 size = 2, maxSize = 32, parentContextCount = 0, hitCount = 68, missCount = 2]
2026-06-24T18:57:07.492+05:30 DEBUG 29608 --- [           main] org.springframework.test.context.cache   : Spring test ApplicationContext cache statistics: [DefaultContextCache@709353b9 size = 2, maxSize = 32, parentContextCount = 0, hitCount = 69, missCount = 2]
2026-06-24T18:57:07.492+05:30 DEBUG 29608 --- [           main] org.springframework.test.context.cache   : Spring test ApplicationContext cache statistics: [DefaultContextCache@709353b9 size = 2, maxSize = 32, parentContextCount = 0, hitCount = 70, missCount = 2]
2026-06-24T18:57:07.492+05:30 DEBUG 29608 --- [           main] org.springframework.test.context.cache   : Spring test ApplicationContext cache statistics: [DefaultContextCache@709353b9 size = 2, maxSize = 32, parentContextCount = 0, hitCount = 71, missCount = 2]
2026-06-24T18:57:07.493+05:30 DEBUG 29608 --- [           main] org.springframework.test.context.cache   : Spring test ApplicationContext cache statistics: [DefaultContextCache@709353b9 size = 2, maxSize = 32, parentContextCount = 0, hitCount = 72, missCount = 2]
2026-06-24T18:57:07.498+05:30 DEBUG 29608 --- [           main] o.s.t.c.transaction.TransactionContext   : Rolled back transaction (1) for test class [com.example.integration.UserIntegrationTest]; test method [testDuplicateEmail]
2026-06-24T18:57:07.499+05:30 DEBUG 29608 --- [           main] .c.s.DirtiesContextTestExecutionListener : After test method: class [UserIntegrationTest], method [testDuplicateEmail], class annotated with @DirtiesContext [false] with mode [null], method annotated with @DirtiesContext [false] with mode [null]
2026-06-24T18:57:07.499+05:30 DEBUG 29608 --- [           main] o.s.t.c.w.ServletTestExecutionListener   : Resetting RequestContextHolder for test class com.example.integration.UserIntegrationTest
]]></system-out>
  </testcase>
  <testcase name="testGetAllUsers" classname="com.example.integration.UserIntegrationTest" time="0.023">
    <system-out><![CDATA[2026-06-24T18:57:07.500+05:30 DEBUG 29608 --- [           main] org.springframework.test.context.cache   : Spring test ApplicationContext cache statistics: [DefaultContextCache@709353b9 size = 2, maxSize = 32, parentContextCount = 0, hitCount = 73, missCount = 2]
2026-06-24T18:57:07.500+05:30 DEBUG 29608 --- [           main] o.s.t.c.w.ServletTestExecutionListener   : Setting up MockHttpServletRequest, MockHttpServletResponse, ServletWebRequest, and RequestContextHolder for test class com.example.integration.UserIntegrationTest
2026-06-24T18:57:07.500+05:30 DEBUG 29608 --- [           main] DependencyInjectionTestExecutionListener : Performing dependency injection for test class com.example.integration.UserIntegrationTest
2026-06-24T18:57:07.501+05:30 DEBUG 29608 --- [           main] org.springframework.test.context.cache   : Spring test ApplicationContext cache statistics: [DefaultContextCache@709353b9 size = 2, maxSize = 32, parentContextCount = 0, hitCount = 74, missCount = 2]
2026-06-24T18:57:07.501+05:30 DEBUG 29608 --- [           main] org.springframework.test.context.cache   : Spring test ApplicationContext cache statistics: [DefaultContextCache@709353b9 size = 2, maxSize = 32, parentContextCount = 0, hitCount = 75, missCount = 2]
2026-06-24T18:57:07.504+05:30 DEBUG 29608 --- [           main] sContextBeforeModesTestExecutionListener : Before test method: class [UserIntegrationTest], method [testGetAllUsers], class annotated with @DirtiesContext [false] with mode [null], method annotated with @DirtiesContext [false] with mode [null]
2026-06-24T18:57:07.504+05:30 DEBUG 29608 --- [           main] t.c.t.TransactionalTestExecutionListener : Explicit transaction definition [PROPAGATION_REQUIRED,ISOLATION_DEFAULT] found for test class [com.example.integration.UserIntegrationTest] and test method [testGetAllUsers]
2026-06-24T18:57:07.504+05:30 DEBUG 29608 --- [           main] org.springframework.test.context.cache   : Spring test ApplicationContext cache statistics: [DefaultContextCache@709353b9 size = 2, maxSize = 32, parentContextCount = 0, hitCount = 76, missCount = 2]
2026-06-24T18:57:07.506+05:30 DEBUG 29608 --- [           main] t.c.t.TransactionalTestExecutionListener : No method-level @Rollback override: using default rollback [true] for test method [void com.example.integration.UserIntegrationTest.testGetAllUsers() throws java.lang.Exception]
2026-06-24T18:57:07.507+05:30 DEBUG 29608 --- [           main] o.s.t.c.transaction.TransactionContext   : Began transaction (1) for test class [com.example.integration.UserIntegrationTest]; test method [testGetAllUsers]; transaction manager [org.springframework.orm.jpa.JpaTransactionManager@234adbe2]; rollback [true]
2026-06-24T18:57:07.507+05:30 DEBUG 29608 --- [           main] org.springframework.test.context.cache   : Spring test ApplicationContext cache statistics: [DefaultContextCache@709353b9 size = 2, maxSize = 32, parentContextCount = 0, hitCount = 77, missCount = 2]
2026-06-24T18:57:07.507+05:30 DEBUG 29608 --- [           main] org.springframework.test.context.cache   : Spring test ApplicationContext cache statistics: [DefaultContextCache@709353b9 size = 2, maxSize = 32, parentContextCount = 0, hitCount = 78, missCount = 2]
Hibernate: 
    select
        u1_0.id,
        u1_0.email,
        u1_0.name 
    from
        users u1_0
2026-06-24T18:57:07.510+05:30 DEBUG 29608 --- [           main] org.springframework.test.context.cache   : Spring test ApplicationContext cache statistics: [DefaultContextCache@709353b9 size = 2, maxSize = 32, parentContextCount = 0, hitCount = 79, missCount = 2]
Hibernate: 
    insert 
    into
        users
        (email,name,id) 
    values
        (?,?,default)
Hibernate: 
    insert 
    into
        users
        (email,name,id) 
    values
        (?,?,default)
Hibernate: 
    insert 
    into
        users
        (email,name,id) 
    values
        (?,?,default)
2026-06-24T18:57:07.515+05:30 DEBUG 29608 --- [           main] o.s.t.web.servlet.TestDispatcherServlet  : GET "/api/users", parameters={}
Hibernate: 
    select
        u1_0.id,
        u1_0.email,
        u1_0.name 
    from
        users u1_0
2026-06-24T18:57:07.521+05:30 DEBUG 29608 --- [           main] o.s.t.web.servlet.TestDispatcherServlet  : Completed 200 OK
2026-06-24T18:57:07.522+05:30 DEBUG 29608 --- [           main] org.springframework.test.context.cache   : Spring test ApplicationContext cache statistics: [DefaultContextCache@709353b9 size = 2, maxSize = 32, parentContextCount = 0, hitCount = 80, missCount = 2]
2026-06-24T18:57:07.522+05:30 DEBUG 29608 --- [           main] org.springframework.test.context.cache   : Spring test ApplicationContext cache statistics: [DefaultContextCache@709353b9 size = 2, maxSize = 32, parentContextCount = 0, hitCount = 81, missCount = 2]
2026-06-24T18:57:07.522+05:30 DEBUG 29608 --- [           main] org.springframework.test.context.cache   : Spring test ApplicationContext cache statistics: [DefaultContextCache@709353b9 size = 2, maxSize = 32, parentContextCount = 0, hitCount = 82, missCount = 2]
2026-06-24T18:57:07.523+05:30 DEBUG 29608 --- [           main] org.springframework.test.context.cache   : Spring test ApplicationContext cache statistics: [DefaultContextCache@709353b9 size = 2, maxSize = 32, parentContextCount = 0, hitCount = 83, missCount = 2]
2026-06-24T18:57:07.523+05:30 DEBUG 29608 --- [           main] org.springframework.test.context.cache   : Spring test ApplicationContext cache statistics: [DefaultContextCache@709353b9 size = 2, maxSize = 32, parentContextCount = 0, hitCount = 84, missCount = 2]
2026-06-24T18:57:07.524+05:30 DEBUG 29608 --- [           main] org.springframework.test.context.cache   : Spring test ApplicationContext cache statistics: [DefaultContextCache@709353b9 size = 2, maxSize = 32, parentContextCount = 0, hitCount = 85, missCount = 2]
2026-06-24T18:57:07.525+05:30 DEBUG 29608 --- [           main] o.s.t.c.transaction.TransactionContext   : Rolled back transaction (1) for test class [com.example.integration.UserIntegrationTest]; test method [testGetAllUsers]
2026-06-24T18:57:07.525+05:30 DEBUG 29608 --- [           main] .c.s.DirtiesContextTestExecutionListener : After test method: class [UserIntegrationTest], method [testGetAllUsers], class annotated with @DirtiesContext [false] with mode [null], method annotated with @DirtiesContext [false] with mode [null]
2026-06-24T18:57:07.525+05:30 DEBUG 29608 --- [           main] o.s.t.c.w.ServletTestExecutionListener   : Resetting RequestContextHolder for test class com.example.integration.UserIntegrationTest
]]></system-out>
  </testcase>
  <testcase name="testDeleteUser" classname="com.example.integration.UserIntegrationTest" time="0.516">
    <system-out><![CDATA[2026-06-24T18:57:07.527+05:30 DEBUG 29608 --- [           main] org.springframework.test.context.cache   : Spring test ApplicationContext cache statistics: [DefaultContextCache@709353b9 size = 2, maxSize = 32, parentContextCount = 0, hitCount = 86, missCount = 2]
2026-06-24T18:57:07.528+05:30 DEBUG 29608 --- [           main] o.s.t.c.w.ServletTestExecutionListener   : Setting up MockHttpServletRequest, MockHttpServletResponse, ServletWebRequest, and RequestContextHolder for test class com.example.integration.UserIntegrationTest
2026-06-24T18:57:07.528+05:30 DEBUG 29608 --- [           main] DependencyInjectionTestExecutionListener : Performing dependency injection for test class com.example.integration.UserIntegrationTest
2026-06-24T18:57:07.529+05:30 DEBUG 29608 --- [           main] org.springframework.test.context.cache   : Spring test ApplicationContext cache statistics: [DefaultContextCache@709353b9 size = 2, maxSize = 32, parentContextCount = 0, hitCount = 87, missCount = 2]
2026-06-24T18:57:07.530+05:30 DEBUG 29608 --- [           main] org.springframework.test.context.cache   : Spring test ApplicationContext cache statistics: [DefaultContextCache@709353b9 size = 2, maxSize = 32, parentContextCount = 0, hitCount = 88, missCount = 2]
2026-06-24T18:57:07.532+05:30 DEBUG 29608 --- [           main] sContextBeforeModesTestExecutionListener : Before test method: class [UserIntegrationTest], method [testDeleteUser], class annotated with @DirtiesContext [false] with mode [null], method annotated with @DirtiesContext [false] with mode [null]
2026-06-24T18:57:07.535+05:30 DEBUG 29608 --- [           main] t.c.t.TransactionalTestExecutionListener : Explicit transaction definition [PROPAGATION_REQUIRED,ISOLATION_DEFAULT] found for test class [com.example.integration.UserIntegrationTest] and test method [testDeleteUser]
2026-06-24T18:57:07.536+05:30 DEBUG 29608 --- [           main] org.springframework.test.context.cache   : Spring test ApplicationContext cache statistics: [DefaultContextCache@709353b9 size = 2, maxSize = 32, parentContextCount = 0, hitCount = 89, missCount = 2]
2026-06-24T18:57:07.536+05:30 DEBUG 29608 --- [           main] t.c.t.TransactionalTestExecutionListener : No method-level @Rollback override: using default rollback [true] for test method [void com.example.integration.UserIntegrationTest.testDeleteUser() throws java.lang.Exception]
2026-06-24T18:57:07.538+05:30 DEBUG 29608 --- [           main] o.s.t.c.transaction.TransactionContext   : Began transaction (1) for test class [com.example.integration.UserIntegrationTest]; test method [testDeleteUser]; transaction manager [org.springframework.orm.jpa.JpaTransactionManager@234adbe2]; rollback [true]
2026-06-24T18:57:07.539+05:30 DEBUG 29608 --- [           main] org.springframework.test.context.cache   : Spring test ApplicationContext cache statistics: [DefaultContextCache@709353b9 size = 2, maxSize = 32, parentContextCount = 0, hitCount = 90, missCount = 2]
2026-06-24T18:57:07.539+05:30 DEBUG 29608 --- [           main] org.springframework.test.context.cache   : Spring test ApplicationContext cache statistics: [DefaultContextCache@709353b9 size = 2, maxSize = 32, parentContextCount = 0, hitCount = 91, missCount = 2]
Hibernate: 
    select
        u1_0.id,
        u1_0.email,
        u1_0.name 
    from
        users u1_0
2026-06-24T18:57:07.548+05:30 DEBUG 29608 --- [           main] org.springframework.test.context.cache   : Spring test ApplicationContext cache statistics: [DefaultContextCache@709353b9 size = 2, maxSize = 32, parentContextCount = 0, hitCount = 92, missCount = 2]
Hibernate: 
    insert 
    into
        users
        (email,name,id) 
    values
        (?,?,default)
2026-06-24T18:57:07.551+05:30 DEBUG 29608 --- [           main] o.s.t.web.servlet.TestDispatcherServlet  : DELETE "/api/users/5", parameters={}
Hibernate: 
    select
        count(*) 
    from
        users u1_0 
    where
        u1_0.id=?
2026-06-24T18:57:08.037+05:30 DEBUG 29608 --- [           main] o.s.t.web.servlet.TestDispatcherServlet  : Completed 204 NO_CONTENT
2026-06-24T18:57:08.038+05:30 DEBUG 29608 --- [           main] o.s.t.web.servlet.TestDispatcherServlet  : GET "/api/users/5", parameters={}
2026-06-24T18:57:08.042+05:30 DEBUG 29608 --- [           main] o.s.t.web.servlet.TestDispatcherServlet  : Completed 404 NOT_FOUND
2026-06-24T18:57:08.043+05:30 DEBUG 29608 --- [           main] org.springframework.test.context.cache   : Spring test ApplicationContext cache statistics: [DefaultContextCache@709353b9 size = 2, maxSize = 32, parentContextCount = 0, hitCount = 93, missCount = 2]
2026-06-24T18:57:08.043+05:30 DEBUG 29608 --- [           main] org.springframework.test.context.cache   : Spring test ApplicationContext cache statistics: [DefaultContextCache@709353b9 size = 2, maxSize = 32, parentContextCount = 0, hitCount = 94, missCount = 2]
2026-06-24T18:57:08.043+05:30 DEBUG 29608 --- [           main] org.springframework.test.context.cache   : Spring test ApplicationContext cache statistics: [DefaultContextCache@709353b9 size = 2, maxSize = 32, parentContextCount = 0, hitCount = 95, missCount = 2]
2026-06-24T18:57:08.043+05:30 DEBUG 29608 --- [           main] org.springframework.test.context.cache   : Spring test ApplicationContext cache statistics: [DefaultContextCache@709353b9 size = 2, maxSize = 32, parentContextCount = 0, hitCount = 96, missCount = 2]
2026-06-24T18:57:08.044+05:30 DEBUG 29608 --- [           main] org.springframework.test.context.cache   : Spring test ApplicationContext cache statistics: [DefaultContextCache@709353b9 size = 2, maxSize = 32, parentContextCount = 0, hitCount = 97, missCount = 2]
2026-06-24T18:57:08.045+05:30 DEBUG 29608 --- [           main] org.springframework.test.context.cache   : Spring test ApplicationContext cache statistics: [DefaultContextCache@709353b9 size = 2, maxSize = 32, parentContextCount = 0, hitCount = 98, missCount = 2]
2026-06-24T18:57:08.046+05:30 DEBUG 29608 --- [           main] o.s.t.c.transaction.TransactionContext   : Rolled back transaction (1) for test class [com.example.integration.UserIntegrationTest]; test method [testDeleteUser]
2026-06-24T18:57:08.047+05:30 DEBUG 29608 --- [           main] .c.s.DirtiesContextTestExecutionListener : After test method: class [UserIntegrationTest], method [testDeleteUser], class annotated with @DirtiesContext [false] with mode [null], method annotated with @DirtiesContext [false] with mode [null]
2026-06-24T18:57:08.047+05:30 DEBUG 29608 --- [           main] o.s.t.c.w.ServletTestExecutionListener   : Resetting RequestContextHolder for test class com.example.integration.UserIntegrationTest
]]></system-out>
  </testcase>
  <testcase name="testCreateAndGetUser" classname="com.example.integration.UserIntegrationTest" time="0.045">
    <system-out><![CDATA[2026-06-24T18:57:08.048+05:30 DEBUG 29608 --- [           main] org.springframework.test.context.cache   : Spring test ApplicationContext cache statistics: [DefaultContextCache@709353b9 size = 2, maxSize = 32, parentContextCount = 0, hitCount = 99, missCount = 2]
2026-06-24T18:57:08.048+05:30 DEBUG 29608 --- [           main] o.s.t.c.w.ServletTestExecutionListener   : Setting up MockHttpServletRequest, MockHttpServletResponse, ServletWebRequest, and RequestContextHolder for test class com.example.integration.UserIntegrationTest
2026-06-24T18:57:08.049+05:30 DEBUG 29608 --- [           main] DependencyInjectionTestExecutionListener : Performing dependency injection for test class com.example.integration.UserIntegrationTest
2026-06-24T18:57:08.049+05:30 DEBUG 29608 --- [           main] org.springframework.test.context.cache   : Spring test ApplicationContext cache statistics: [DefaultContextCache@709353b9 size = 2, maxSize = 32, parentContextCount = 0, hitCount = 100, missCount = 2]
2026-06-24T18:57:08.050+05:30 DEBUG 29608 --- [           main] org.springframework.test.context.cache   : Spring test ApplicationContext cache statistics: [DefaultContextCache@709353b9 size = 2, maxSize = 32, parentContextCount = 0, hitCount = 101, missCount = 2]
2026-06-24T18:57:08.052+05:30 DEBUG 29608 --- [           main] sContextBeforeModesTestExecutionListener : Before test method: class [UserIntegrationTest], method [testCreateAndGetUser], class annotated with @DirtiesContext [false] with mode [null], method annotated with @DirtiesContext [false] with mode [null]
2026-06-24T18:57:08.053+05:30 DEBUG 29608 --- [           main] t.c.t.TransactionalTestExecutionListener : Explicit transaction definition [PROPAGATION_REQUIRED,ISOLATION_DEFAULT] found for test class [com.example.integration.UserIntegrationTest] and test method [testCreateAndGetUser]
2026-06-24T18:57:08.054+05:30 DEBUG 29608 --- [           main] org.springframework.test.context.cache   : Spring test ApplicationContext cache statistics: [DefaultContextCache@709353b9 size = 2, maxSize = 32, parentContextCount = 0, hitCount = 102, missCount = 2]
2026-06-24T18:57:08.054+05:30 DEBUG 29608 --- [           main] t.c.t.TransactionalTestExecutionListener : No method-level @Rollback override: using default rollback [true] for test method [void com.example.integration.UserIntegrationTest.testCreateAndGetUser() throws java.lang.Exception]
2026-06-24T18:57:08.056+05:30 DEBUG 29608 --- [           main] o.s.t.c.transaction.TransactionContext   : Began transaction (1) for test class [com.example.integration.UserIntegrationTest]; test method [testCreateAndGetUser]; transaction manager [org.springframework.orm.jpa.JpaTransactionManager@234adbe2]; rollback [true]
2026-06-24T18:57:08.057+05:30 DEBUG 29608 --- [           main] org.springframework.test.context.cache   : Spring test ApplicationContext cache statistics: [DefaultContextCache@709353b9 size = 2, maxSize = 32, parentContextCount = 0, hitCount = 103, missCount = 2]
2026-06-24T18:57:08.057+05:30 DEBUG 29608 --- [           main] org.springframework.test.context.cache   : Spring test ApplicationContext cache statistics: [DefaultContextCache@709353b9 size = 2, maxSize = 32, parentContextCount = 0, hitCount = 104, missCount = 2]
Hibernate: 
    select
        u1_0.id,
        u1_0.email,
        u1_0.name 
    from
        users u1_0
2026-06-24T18:57:08.062+05:30 DEBUG 29608 --- [           main] org.springframework.test.context.cache   : Spring test ApplicationContext cache statistics: [DefaultContextCache@709353b9 size = 2, maxSize = 32, parentContextCount = 0, hitCount = 105, missCount = 2]
2026-06-24T18:57:08.063+05:30 DEBUG 29608 --- [           main] o.s.t.web.servlet.TestDispatcherServlet  : POST "/api/users", parameters={}
Hibernate: 
    select
        u1_0.id 
    from
        users u1_0 
    where
        u1_0.email=? 
    fetch
        first ? rows only
Hibernate: 
    insert 
    into
        users
        (email,name,id) 
    values
        (?,?,default)
2026-06-24T18:57:08.071+05:30 DEBUG 29608 --- [           main] o.s.t.web.servlet.TestDispatcherServlet  : Completed 201 CREATED
2026-06-24T18:57:08.077+05:30 DEBUG 29608 --- [           main] o.s.t.web.servlet.TestDispatcherServlet  : GET "/api/users/6", parameters={}
2026-06-24T18:57:08.080+05:30 DEBUG 29608 --- [           main] o.s.t.web.servlet.TestDispatcherServlet  : Completed 200 OK
2026-06-24T18:57:08.092+05:30 DEBUG 29608 --- [           main] org.springframework.test.context.cache   : Spring test ApplicationContext cache statistics: [DefaultContextCache@709353b9 size = 2, maxSize = 32, parentContextCount = 0, hitCount = 106, missCount = 2]
2026-06-24T18:57:08.092+05:30 DEBUG 29608 --- [           main] org.springframework.test.context.cache   : Spring test ApplicationContext cache statistics: [DefaultContextCache@709353b9 size = 2, maxSize = 32, parentContextCount = 0, hitCount = 107, missCount = 2]
2026-06-24T18:57:08.093+05:30 DEBUG 29608 --- [           main] org.springframework.test.context.cache   : Spring test ApplicationContext cache statistics: [DefaultContextCache@709353b9 size = 2, maxSize = 32, parentContextCount = 0, hitCount = 108, missCount = 2]
2026-06-24T18:57:08.093+05:30 DEBUG 29608 --- [           main] org.springframework.test.context.cache   : Spring test ApplicationContext cache statistics: [DefaultContextCache@709353b9 size = 2, maxSize = 32, parentContextCount = 0, hitCount = 109, missCount = 2]
2026-06-24T18:57:08.093+05:30 DEBUG 29608 --- [           main] org.springframework.test.context.cache   : Spring test ApplicationContext cache statistics: [DefaultContextCache@709353b9 size = 2, maxSize = 32, parentContextCount = 0, hitCount = 110, missCount = 2]
2026-06-24T18:57:08.094+05:30 DEBUG 29608 --- [           main] org.springframework.test.context.cache   : Spring test ApplicationContext cache statistics: [DefaultContextCache@709353b9 size = 2, maxSize = 32, parentContextCount = 0, hitCount = 111, missCount = 2]
2026-06-24T18:57:08.095+05:30 DEBUG 29608 --- [           main] o.s.t.c.transaction.TransactionContext   : Rolled back transaction (1) for test class [com.example.integration.UserIntegrationTest]; test method [testCreateAndGetUser]
2026-06-24T18:57:08.096+05:30 DEBUG 29608 --- [           main] .c.s.DirtiesContextTestExecutionListener : After test method: class [UserIntegrationTest], method [testCreateAndGetUser], class annotated with @DirtiesContext [false] with mode [null], method annotated with @DirtiesContext [false] with mode [null]
2026-06-24T18:57:08.096+05:30 DEBUG 29608 --- [           main] o.s.t.c.w.ServletTestExecutionListener   : Resetting RequestContextHolder for test class com.example.integration.UserIntegrationTest
]]></system-out>
  </testcase>
</testsuite>