<?xml version="1.0" encoding="UTF-8"?>
<testsuite xmlns:xsi="http://www.w3.org/2001/XMLSchema-instance" xsi:noNamespaceSchemaLocation="https://maven.apache.org/surefire/maven-surefire-plugin/xsd/surefire-test-report-3.0.xsd" version="3.0" name="com.example.ExceptionThrowerTest" time="0.009" tests="6" errors="0" skipped="0" failures="0">
  <properties>
[...]
</properties>
  <testcase name="testNoExceptionForValidInput" classname="com.example.ExceptionThrowerTest" time="0.006"/>
  <testcase name="testNoExceptionForValidInput" classname="com.example.ExceptionThrowerTest" time="0.001"/>
  <testcase name="testThrowUnknownException" classname="com.example.ExceptionThrowerTest" time="0.003"/>
  <testcase name="testThrowUnknownException" classname="com.example.ExceptionThrowerTest" time="0.001"/>
  <testcase name="testThrowIllegalArgumentException" classname="com.example.ExceptionThrowerTest" time="0.001"/>
  <testcase name="testThrowIllegalArgumentException" classname="com.example.ExceptionThrowerTest" time="0.001"/>
  <testcase name="testThrowNullPointerException" classname="com.example.ExceptionThrowerTest" time="0.001"/>
  <testcase name="testThrowNullPointerException" classname="com.example.ExceptionThrowerTest" time="0.001"/>
  <testcase name="testThrowCheckedException" classname="com.example.ExceptionThrowerTest" time="0.001"/>
  <testcase name="testThrowCheckedException" classname="com.example.ExceptionThrowerTest" time="0.001"/>
  <testcase name="testThrowRuntimeException" classname="com.example.ExceptionThrowerTest" time="0.001"/>
  <testcase name="testThrowRuntimeException" classname="com.example.ExceptionThrowerTest" time="0.001"/>
</testsuite>